[20-12-30 10:38:40.2864] main::main (206) Starting Logitech Media Server scanner (v8.1.0, 1608700893, Wed Dec 23 12:17:24 CET 2020) perl 5.024001
[20-12-30 10:38:40.6100] Slim::Schema::forceCommit (2171) Warning: Trying to commit transactions before DB is initialized!
[20-12-30 10:38:40.9019] Clone::Choose::BEGIN (1) Warning: Use of uninitialized value in require at (eval 785) line 1.
[20-12-30 10:38:40.9262] Clone::Choose::BEGIN (1) Warning: Use of uninitialized value in require at (eval 788) line 1.
[20-12-30 10:38:41.5667] Slim::Music::Import::runImporter (577) Starting Slim::Plugin::WiMP::Importer scan
[20-12-30 10:38:41.7938] Slim::Music::Import::endImporter (710) Completed Slim::Plugin::WiMP::Importer Scan in 0 seconds.
[20-12-30 10:38:41.8000] Slim::Music::Import::runImporter (577) Starting Plugins::Spotty::Importer scan
[20-12-30 10:39:22.1778] Slim::Plugin::OnlineLibraryBase::deleteRemovedTracks (73) Get removed online tracks count
[20-12-30 10:39:22.1790] Slim::Utils::Scanner::Local::deleteTracks (519) Removing online music library tracks (0)
[20-12-30 10:39:22.1811] Slim::Music::Import::endImporter (710) Completed Plugins::Spotty::Importer Scan in 40 seconds.
[20-12-30 10:39:22.1853] Slim::Music::Import::runImporter (577) Starting Slim::Plugin::ExtendedBrowseModes::Libraries scan
[20-12-30 10:39:22.1865] Slim::Music::Import::runImporter (577) Starting Slim::Plugin::FullTextSearch::Plugin scan
[20-12-30 10:39:22.1883] Slim::Plugin::FullTextSearch::Plugin::_rebuildIndex (453) Starting fulltext index build
[20-12-30 10:39:22.1900] Slim::Plugin::FullTextSearch::Plugin::_rebuildIndex (457) Initialize fulltext table
[20-12-30 10:39:22.1927] Slim::Plugin::FullTextSearch::Plugin::_rebuildIndex (470) Create fulltext index for tracks
[20-12-30 10:39:22.2217] Slim::Plugin::FullTextSearch::Plugin::_rebuildIndex (480) Create fulltext index for albums
[20-12-30 10:39:22.2516] Slim::Plugin::FullTextSearch::Plugin::_rebuildIndex (489) Create fulltext index for contributors
[20-12-30 10:39:22.2640] Slim::Plugin::FullTextSearch::Plugin::_rebuildIndex (499) Create fulltext index for playlists
[20-12-30 10:39:22.5554] Slim::Plugin::FullTextSearch::Plugin::_rebuildIndex (514) Optimize fulltext index
[20-12-30 10:39:22.5829] Slim::Plugin::FullTextSearch::Plugin::_rebuildIndex (529) Fulltext index build done!
[20-12-30 10:39:22.5851] Slim::Music::Import::endImporter (710) Completed Slim::Plugin::FullTextSearch::Plugin Scan in 0 seconds.
[20-12-30 10:39:22.5870] Slim::Music::Import::runImporter (577) Starting Slim::Plugin::OnlineLibrary::Importer::VirtualLibrariesCleanup scan
[20-12-30 10:39:22.5892] Slim::Music::Import::endImporter (710) Completed Slim::Plugin::OnlineLibrary::Importer::VirtualLibrariesCleanup Scan in 0 seconds.
[20-12-30 10:39:22.5919] Slim::Music::Artwork::updateStandaloneArtwork (234) Starting updateStandaloneArtwork for 0 albums
[20-12-30 10:39:22.5958] Slim::Music::Artwork::precacheAllArtwork (659) Starting precacheArtwork for 2 albums
[20-12-30 10:39:23.5750] Slim::Music::Artwork::__ANON__ (810) precacheArtwork finished in 0.97374415397644
[20-12-30 10:39:23.5764] Slim::Music::Import::endImporter (710) Completed precacheArtwork Scan in 0 seconds.
[20-12-30 10:39:23.5866] Slim::Music::Import::runScanPostProcessing (479) Starting Database optimization.
[20-12-30 10:39:24.1914] Slim::Music::Import::endImporter (710) Completed dbOptimize Scan in 0 seconds.
