[20-12-30 09:18:20.7838] main::init (388) Starting Logitech Media Server (v8.1.0, 1608700893, Wed Dec 23 12:17:24 CET 2020) perl 5.024001 - x86_64-linux-gnu-thread-multi
[20-12-30 09:18:22.9164] Slim::Utils::SQLiteHelper::postConnect (377) Optimizing DB because of missing or empty sqlite_stat1 table
[20-12-30 09:18:22.9609] Slim::Schema::forceCommit (2171) Warning: Trying to commit transactions before DB is initialized!
[20-12-30 09:18:24.7138] Slim::Utils::SQLiteHelper::postConnect (377) Optimizing DB because of missing or empty sqlite_stat1 table
[20-12-30 09:18:24.7395] Slim::Schema::forceCommit (2171) Warning: Trying to commit transactions before DB is initialized!
[20-12-30 09:18:25.1641] main::checkDataSource (1108) Warning: Schema updated or no media found in the database, initiating scan.
[20-12-30 09:18:31.9980] Slim::Utils::SQLiteHelper::postConnect (377) Optimizing DB because of missing or empty sqlite_stat1 table
[20-12-30 09:18:32.0169] Slim::Schema::forceCommit (2171) Warning: Trying to commit transactions before DB is initialized!
[20-12-30 09:54:20.2439] main::init (388) Starting Logitech Media Server (v8.1.0, 1608700893, Wed Dec 23 12:17:24 CET 2020) perl 5.024001 - x86_64-linux-gnu-thread-multi
[20-12-30 09:54:20.7127] Slim::Utils::SQLiteHelper::postConnect (377) Optimizing DB because of missing or empty sqlite_stat1 table
[20-12-30 09:54:20.7213] Slim::Schema::forceCommit (2171) Warning: Trying to commit transactions before DB is initialized!
[20-12-30 09:54:21.1418] Slim::Utils::SQLiteHelper::postConnect (377) Optimizing DB because of missing or empty sqlite_stat1 table
[20-12-30 09:54:21.1603] Slim::Schema::forceCommit (2171) Warning: Trying to commit transactions before DB is initialized!
[20-12-30 09:54:22.2178] Slim::Utils::SQLiteHelper::postConnect (377) Optimizing DB because of missing or empty sqlite_stat1 table
[20-12-30 09:54:22.2317] Slim::Schema::forceCommit (2171) Warning: Trying to commit transactions before DB is initialized!
[20-12-30 09:54:22.6560] main::checkDataSource (1108) Warning: Schema updated or no media found in the database, initiating scan.
[20-12-30 09:54:25.1681] Slim::Utils::SQLiteHelper::postConnect (377) Optimizing DB because of missing or empty sqlite_stat1 table
[20-12-30 09:54:25.1881] Slim::Schema::forceCommit (2171) Warning: Trying to commit transactions before DB is initialized!
[20-12-30 09:57:57.4747] main::init (388) Starting Logitech Media Server (v8.1.0, 1608700893, Wed Dec 23 12:17:24 CET 2020) perl 5.024001 - x86_64-linux-gnu-thread-multi
[20-12-30 09:57:57.8804] Slim::Utils::SQLiteHelper::postConnect (377) Optimizing DB because of missing or empty sqlite_stat1 table
[20-12-30 09:57:57.8877] Slim::Schema::forceCommit (2171) Warning: Trying to commit transactions before DB is initialized!
[20-12-30 09:57:58.3218] Slim::Utils::SQLiteHelper::postConnect (377) Optimizing DB because of missing or empty sqlite_stat1 table
[20-12-30 09:57:58.3408] Slim::Schema::forceCommit (2171) Warning: Trying to commit transactions before DB is initialized!
[20-12-30 09:57:59.3399] Slim::Utils::SQLiteHelper::postConnect (377) Optimizing DB because of missing or empty sqlite_stat1 table
[20-12-30 09:57:59.3762] Slim::Schema::forceCommit (2171) Warning: Trying to commit transactions before DB is initialized!
[20-12-30 09:57:59.8471] main::checkDataSource (1108) Warning: Schema updated or no media found in the database, initiating scan.
[20-12-30 09:58:03.2342] Slim::Utils::SQLiteHelper::postConnect (377) Optimizing DB because of missing or empty sqlite_stat1 table
[20-12-30 09:58:03.2588] Slim::Schema::forceCommit (2171) Warning: Trying to commit transactions before DB is initialized!
[20-12-30 10:37:17.1971] main::init (388) Starting Logitech Media Server (v8.1.0, 1608700893, Wed Dec 23 12:17:24 CET 2020) perl 5.024001 - x86_64-linux-gnu-thread-multi
[20-12-30 10:37:41.5275] Slim::Utils::SQLiteHelper::postConnect (377) Optimizing DB because of missing or empty sqlite_stat1 table
[20-12-30 10:37:41.5440] Slim::Schema::forceCommit (2171) Warning: Trying to commit transactions before DB is initialized!
[20-12-30 10:37:42.2844] Slim::Utils::SQLiteHelper::postConnect (377) Optimizing DB because of missing or empty sqlite_stat1 table
[20-12-30 10:37:42.2981] Slim::Schema::forceCommit (2171) Warning: Trying to commit transactions before DB is initialized!
[20-12-30 10:37:42.8629] Slim::Utils::PluginManager::load (237) Couldn't load NPRRadio. Error: Plugin is incompatible with this version of Logitech Media Server. Please update.
[20-12-30 10:37:43.5808] Slim::Music::Artwork::precacheAllArtwork (659) Starting precacheArtwork for 0 albums
[20-12-30 10:37:43.9939] Slim::Utils::SQLiteHelper::postConnect (377) Optimizing DB because of missing or empty sqlite_stat1 table
[20-12-30 10:37:44.0088] Slim::Schema::forceCommit (2171) Warning: Trying to commit transactions before DB is initialized!
[20-12-30 10:37:44.8147] main::checkDataSource (1108) Warning: Schema updated or no media found in the database, initiating scan.
[20-12-30 10:37:48.0398] Slim::Utils::SQLiteHelper::postConnect (377) Optimizing DB because of missing or empty sqlite_stat1 table
[20-12-30 10:37:48.0551] Slim::Schema::forceCommit (2171) Warning: Trying to commit transactions before DB is initialized!
[20-12-30 10:38:29.5913] Plugins::Spotty::API::__ANON__ (1424) API call: me
[20-12-30 10:38:29.5947] Plugins::Spotty::API::__ANON__ (1428) error: 429 unknown
[20-12-30 10:38:29.6000] Plugins::Spotty::API::error429 (1486) Access Rate limit exceeded for: me; retry after 11 seconds.
[20-12-30 10:38:29.6054] Plugins::Spotty::API::__ANON__ (1424) API call: users/ingo.pansa%40googlemail.com
[20-12-30 10:38:29.6068] Plugins::Spotty::API::__ANON__ (1428) error: 429 unknown
[20-12-30 10:38:29.6133] Plugins::Spotty::API::error429 (1486) Access Rate limit exceeded for: users/ingo.pansa%40googlemail.com; retry after 11 seconds.
[20-12-30 10:38:55.4316] Plugins::Spotty::API::__ANON__ (1424) API call: users/1128644750/playlists?limit=50
[20-12-30 10:38:55.4336] Plugins::Spotty::API::__ANON__ (1428) error: 429 unknown
[20-12-30 10:38:55.6506] Plugins::Spotty::API::error429 (1486) Access Rate limit exceeded for: users/1128644750/playlists?limit=50; retry after 15 seconds.
[20-12-30 10:38:56.3791] Slim::Web::Template::SkinManager::_fillTemplate (345) Error: undef error - Can't call method "playlists" on an undefined value at /config/cache/InstalledPlugins/Plugins/Spotty/OPML.pm line 876, <DATA> line 1.
[20-12-30 11:29:22.9179] Plugins::Spotty::API::__ANON__ (1424) API call: browse/featured-playlists?country=DE&limit=50&locale=en_US&timestamp=2020-12-30T11%3A20%3A00
[20-12-30 11:29:22.9308] Plugins::Spotty::API::__ANON__ (1428) error: 429 unknown
[20-12-30 11:29:22.9407] Plugins::Spotty::API::error429 (1486) Access Rate limit exceeded for: browse/featured-playlists?country=DE&limit=50&locale=en_US&timestamp=2020-12-30T11%3A20%3A00; retry after 18 seconds.
[20-12-30 11:29:22.9433] Plugins::Spotty::OPML::__ANON__ (191) Failed to get featured playlists and/or token - do not continue
[20-12-30 11:29:31.5518] Plugins::Spotty::OPML::__ANON__ (191) Failed to get featured playlists and/or token - do not continue
[20-12-30 11:41:06.5934] Plugins::RaopBridge::Squeeze2raop::start (132) executable not having 'x' permission, correcting
[20-12-30 11:41:20.2928] Slim::Utils::Misc::msg (1266) Warning: [11:41:20.2925] Use of uninitialized value in concatenation (.) or string at /config/cache/InstalledPlugins/Plugins/RaopBridge/HTML/EN/plugins/RaopBridge/settings/basic.html line 108.
[20-12-30 11:41:20.2955] Slim::Utils::Misc::msg (1266) Warning: [11:41:20.2949] Use of uninitialized value in concatenation (.) or string at /config/cache/InstalledPlugins/Plugins/RaopBridge/HTML/EN/plugins/RaopBridge/settings/basic.html line 116.
[20-12-30 11:41:20.2998] Slim::Utils::Misc::msg (1266) Warning: [11:41:20.2993] Use of uninitialized value in concatenation (.) or string at /config/cache/InstalledPlugins/Plugins/RaopBridge/HTML/EN/plugins/RaopBridge/settings/basic.html line 122.
[20-12-30 11:41:20.3022] Slim::Utils::Misc::msg (1266) Warning: [11:41:20.3019] Use of uninitialized value in concatenation (.) or string at /config/cache/InstalledPlugins/Plugins/RaopBridge/HTML/EN/plugins/RaopBridge/settings/basic.html line 128.
[20-12-30 11:41:20.3053] Slim::Utils::Misc::msg (1266) Warning: [11:41:20.3048] Use of uninitialized value in concatenation (.) or string at /config/cache/InstalledPlugins/Plugins/RaopBridge/HTML/EN/plugins/RaopBridge/settings/basic.html line 137.
[20-12-30 11:41:20.3079] Slim::Utils::Misc::msg (1266) Warning: [11:41:20.3077] Use of uninitialized value in concatenation (.) or string at /config/cache/InstalledPlugins/Plugins/RaopBridge/HTML/EN/plugins/RaopBridge/settings/basic.html line 150.
[20-12-30 11:41:20.3097] Slim::Utils::Misc::msg (1266) Warning: [11:41:20.3096] Use of uninitialized value in concatenation (.) or string at /config/cache/InstalledPlugins/Plugins/RaopBridge/HTML/EN/plugins/RaopBridge/settings/basic.html line 156.
[20-12-30 11:41:20.3147] Slim::Utils::Misc::msg (1266) Warning: [11:41:20.3138] Use of uninitialized value in concatenation (.) or string at /config/cache/InstalledPlugins/Plugins/RaopBridge/HTML/EN/plugins/RaopBridge/settings/basic.html line 167.
[20-12-30 11:41:20.3167] Slim::Utils::Misc::msg (1266) Warning: [11:41:20.3164] Use of uninitialized value in concatenation (.) or string at /config/cache/InstalledPlugins/Plugins/RaopBridge/HTML/EN/plugins/RaopBridge/settings/basic.html line 173.
[20-12-30 11:41:20.3198] Slim::Utils::Misc::msg (1266) Warning: [11:41:20.3194] Use of uninitialized value in concatenation (.) or string at /config/cache/InstalledPlugins/Plugins/RaopBridge/HTML/EN/plugins/RaopBridge/settings/basic.html line 182.
[20-12-30 11:41:28.6935] Slim::Utils::Misc::msg (1266) Warning: [11:41:28.6928] Use of uninitialized value in concatenation (.) or string at /config/cache/InstalledPlugins/Plugins/RaopBridge/HTML/EN/plugins/RaopBridge/settings/basic.html line 108.
[20-12-30 11:41:28.6959] Slim::Utils::Misc::msg (1266) Warning: [11:41:28.6955] Use of uninitialized value in concatenation (.) or string at /config/cache/InstalledPlugins/Plugins/RaopBridge/HTML/EN/plugins/RaopBridge/settings/basic.html line 116.
[20-12-30 11:41:28.6979] Slim::Utils::Misc::msg (1266) Warning: [11:41:28.6976] Use of uninitialized value in concatenation (.) or string at /config/cache/InstalledPlugins/Plugins/RaopBridge/HTML/EN/plugins/RaopBridge/settings/basic.html line 122.
[20-12-30 11:41:28.7001] Slim::Utils::Misc::msg (1266) Warning: [11:41:28.6997] Use of uninitialized value in concatenation (.) or string at /config/cache/InstalledPlugins/Plugins/RaopBridge/HTML/EN/plugins/RaopBridge/settings/basic.html line 128.
[20-12-30 11:41:28.7029] Slim::Utils::Misc::msg (1266) Warning: [11:41:28.7025] Use of uninitialized value in concatenation (.) or string at /config/cache/InstalledPlugins/Plugins/RaopBridge/HTML/EN/plugins/RaopBridge/settings/basic.html line 137.
[20-12-30 11:41:28.7066] Slim::Utils::Misc::msg (1266) Warning: [11:41:28.7063] Use of uninitialized value in concatenation (.) or string at /config/cache/InstalledPlugins/Plugins/RaopBridge/HTML/EN/plugins/RaopBridge/settings/basic.html line 150.
[20-12-30 11:41:28.7086] Slim::Utils::Misc::msg (1266) Warning: [11:41:28.7083] Use of uninitialized value in concatenation (.) or string at /config/cache/InstalledPlugins/Plugins/RaopBridge/HTML/EN/plugins/RaopBridge/settings/basic.html line 156.
[20-12-30 11:41:28.7117] Slim::Utils::Misc::msg (1266) Warning: [11:41:28.7113] Use of uninitialized value in concatenation (.) or string at /config/cache/InstalledPlugins/Plugins/RaopBridge/HTML/EN/plugins/RaopBridge/settings/basic.html line 167.
[20-12-30 11:41:28.7136] Slim::Utils::Misc::msg (1266) Warning: [11:41:28.7133] Use of uninitialized value in concatenation (.) or string at /config/cache/InstalledPlugins/Plugins/RaopBridge/HTML/EN/plugins/RaopBridge/settings/basic.html line 173.
[20-12-30 11:41:28.7159] Slim::Utils::Misc::msg (1266) Warning: [11:41:28.7156] Use of uninitialized value in concatenation (.) or string at /config/cache/InstalledPlugins/Plugins/RaopBridge/HTML/EN/plugins/RaopBridge/settings/basic.html line 182.
[20-12-30 11:41:48.3271] Slim::Utils::Misc::msg (1266) Warning: [11:41:48.3268] Use of uninitialized value in concatenation (.) or string at /config/cache/InstalledPlugins/Plugins/RaopBridge/HTML/EN/plugins/RaopBridge/settings/basic.html line 108.
[20-12-30 11:41:48.3288] Slim::Utils::Misc::msg (1266) Warning: [11:41:48.3286] Use of uninitialized value in concatenation (.) or string at /config/cache/InstalledPlugins/Plugins/RaopBridge/HTML/EN/plugins/RaopBridge/settings/basic.html line 116.
[20-12-30 11:41:48.3305] Slim::Utils::Misc::msg (1266) Warning: [11:41:48.3302] Use of uninitialized value in concatenation (.) or string at /config/cache/InstalledPlugins/Plugins/RaopBridge/HTML/EN/plugins/RaopBridge/settings/basic.html line 122.
[20-12-30 11:41:48.3323] Slim::Utils::Misc::msg (1266) Warning: [11:41:48.3321] Use of uninitialized value in concatenation (.) or string at /config/cache/InstalledPlugins/Plugins/RaopBridge/HTML/EN/plugins/RaopBridge/settings/basic.html line 128.
[20-12-30 11:41:48.3350] Slim::Utils::Misc::msg (1266) Warning: [11:41:48.3347] Use of uninitialized value in concatenation (.) or string at /config/cache/InstalledPlugins/Plugins/RaopBridge/HTML/EN/plugins/RaopBridge/settings/basic.html line 137.
[20-12-30 11:41:48.3390] Slim::Utils::Misc::msg (1266) Warning: [11:41:48.3382] Use of uninitialized value in concatenation (.) or string at /config/cache/InstalledPlugins/Plugins/RaopBridge/HTML/EN/plugins/RaopBridge/settings/basic.html line 150.
[20-12-30 11:41:48.3415] Slim::Utils::Misc::msg (1266) Warning: [11:41:48.3412] Use of uninitialized value in concatenation (.) or string at /config/cache/InstalledPlugins/Plugins/RaopBridge/HTML/EN/plugins/RaopBridge/settings/basic.html line 156.
[20-12-30 11:41:48.3439] Slim::Utils::Misc::msg (1266) Warning: [11:41:48.3437] Use of uninitialized value in concatenation (.) or string at /config/cache/InstalledPlugins/Plugins/RaopBridge/HTML/EN/plugins/RaopBridge/settings/basic.html line 167.
[20-12-30 11:41:48.3456] Slim::Utils::Misc::msg (1266) Warning: [11:41:48.3453] Use of uninitialized value in concatenation (.) or string at /config/cache/InstalledPlugins/Plugins/RaopBridge/HTML/EN/plugins/RaopBridge/settings/basic.html line 173.
[20-12-30 11:41:48.3477] Slim::Utils::Misc::msg (1266) Warning: [11:41:48.3475] Use of uninitialized value in concatenation (.) or string at /config/cache/InstalledPlugins/Plugins/RaopBridge/HTML/EN/plugins/RaopBridge/settings/basic.html line 182.
[20-12-30 11:42:18.5872] Slim::Utils::Misc::msg (1266) Warning: [11:42:18.5870] Use of uninitialized value in concatenation (.) or string at /config/cache/InstalledPlugins/Plugins/RaopBridge/HTML/EN/plugins/RaopBridge/settings/basic.html line 108.
[20-12-30 11:42:18.5888] Slim::Utils::Misc::msg (1266) Warning: [11:42:18.5886] Use of uninitialized value in concatenation (.) or string at /config/cache/InstalledPlugins/Plugins/RaopBridge/HTML/EN/plugins/RaopBridge/settings/basic.html line 116.
[20-12-30 11:42:18.5900] Slim::Utils::Misc::msg (1266) Warning: [11:42:18.5898] Use of uninitialized value in concatenation (.) or string at /config/cache/InstalledPlugins/Plugins/RaopBridge/HTML/EN/plugins/RaopBridge/settings/basic.html line 122.
[20-12-30 11:42:18.5921] Slim::Utils::Misc::msg (1266) Warning: [11:42:18.5918] Use of uninitialized value in concatenation (.) or string at /config/cache/InstalledPlugins/Plugins/RaopBridge/HTML/EN/plugins/RaopBridge/settings/basic.html line 128.
[20-12-30 11:42:18.5952] Slim::Utils::Misc::msg (1266) Warning: [11:42:18.5949] Use of uninitialized value in concatenation (.) or string at /config/cache/InstalledPlugins/Plugins/RaopBridge/HTML/EN/plugins/RaopBridge/settings/basic.html line 137.
[20-12-30 11:42:18.5985] Slim::Utils::Misc::msg (1266) Warning: [11:42:18.5981] Use of uninitialized value in concatenation (.) or string at /config/cache/InstalledPlugins/Plugins/RaopBridge/HTML/EN/plugins/RaopBridge/settings/basic.html line 150.
[20-12-30 11:42:18.6002] Slim::Utils::Misc::msg (1266) Warning: [11:42:18.5999] Use of uninitialized value in concatenation (.) or string at /config/cache/InstalledPlugins/Plugins/RaopBridge/HTML/EN/plugins/RaopBridge/settings/basic.html line 156.
[20-12-30 11:42:18.6039] Slim::Utils::Misc::msg (1266) Warning: [11:42:18.6035] Use of uninitialized value in concatenation (.) or string at /config/cache/InstalledPlugins/Plugins/RaopBridge/HTML/EN/plugins/RaopBridge/settings/basic.html line 167.
[20-12-30 11:42:18.6060] Slim::Utils::Misc::msg (1266) Warning: [11:42:18.6056] Use of uninitialized value in concatenation (.) or string at /config/cache/InstalledPlugins/Plugins/RaopBridge/HTML/EN/plugins/RaopBridge/settings/basic.html line 173.
[20-12-30 11:42:18.6092] Slim::Utils::Misc::msg (1266) Warning: [11:42:18.6089] Use of uninitialized value in concatenation (.) or string at /config/cache/InstalledPlugins/Plugins/RaopBridge/HTML/EN/plugins/RaopBridge/settings/basic.html line 182.
[20-12-30 11:42:26.5685] Slim::Utils::Misc::msg (1266) Warning: [11:42:26.5679] Use of uninitialized value in concatenation (.) or string at /config/cache/InstalledPlugins/Plugins/RaopBridge/HTML/EN/plugins/RaopBridge/settings/basic.html line 108.
[20-12-30 11:42:26.5702] Slim::Utils::Misc::msg (1266) Warning: [11:42:26.5699] Use of uninitialized value in concatenation (.) or string at /config/cache/InstalledPlugins/Plugins/RaopBridge/HTML/EN/plugins/RaopBridge/settings/basic.html line 116.
[20-12-30 11:42:26.5713] Slim::Utils::Misc::msg (1266) Warning: [11:42:26.5711] Use of uninitialized value in concatenation (.) or string at /config/cache/InstalledPlugins/Plugins/RaopBridge/HTML/EN/plugins/RaopBridge/settings/basic.html line 122.
[20-12-30 11:42:26.5732] Slim::Utils::Misc::msg (1266) Warning: [11:42:26.5729] Use of uninitialized value in concatenation (.) or string at /config/cache/InstalledPlugins/Plugins/RaopBridge/HTML/EN/plugins/RaopBridge/settings/basic.html line 128.
[20-12-30 11:42:26.5753] Slim::Utils::Misc::msg (1266) Warning: [11:42:26.5751] Use of uninitialized value in concatenation (.) or string at /config/cache/InstalledPlugins/Plugins/RaopBridge/HTML/EN/plugins/RaopBridge/settings/basic.html line 137.
[20-12-30 11:42:26.5772] Slim::Utils::Misc::msg (1266) Warning: [11:42:26.5770] Use of uninitialized value in concatenation (.) or string at /config/cache/InstalledPlugins/Plugins/RaopBridge/HTML/EN/plugins/RaopBridge/settings/basic.html line 150.
[20-12-30 11:42:26.5786] Slim::Utils::Misc::msg (1266) Warning: [11:42:26.5784] Use of uninitialized value in concatenation (.) or string at /config/cache/InstalledPlugins/Plugins/RaopBridge/HTML/EN/plugins/RaopBridge/settings/basic.html line 156.
[20-12-30 11:42:26.5806] Slim::Utils::Misc::msg (1266) Warning: [11:42:26.5803] Use of uninitialized value in concatenation (.) or string at /config/cache/InstalledPlugins/Plugins/RaopBridge/HTML/EN/plugins/RaopBridge/settings/basic.html line 167.
[20-12-30 11:42:26.5822] Slim::Utils::Misc::msg (1266) Warning: [11:42:26.5819] Use of uninitialized value in concatenation (.) or string at /config/cache/InstalledPlugins/Plugins/RaopBridge/HTML/EN/plugins/RaopBridge/settings/basic.html line 173.
[20-12-30 11:42:26.5842] Slim::Utils::Misc::msg (1266) Warning: [11:42:26.5839] Use of uninitialized value in concatenation (.) or string at /config/cache/InstalledPlugins/Plugins/RaopBridge/HTML/EN/plugins/RaopBridge/settings/basic.html line 182.
[20-12-30 11:45:59.1459] Plugins::Spotty::API::__ANON__ (1424) API call: search?limit=50&market=from_token&q=marek&type=track
[20-12-30 11:45:59.1523] Plugins::Spotty::API::__ANON__ (1428) error: 429 unknown
[20-12-30 11:45:59.1626] Plugins::Spotty::API::error429 (1486) Access Rate limit exceeded for: search?limit=50&market=from_token&q=marek&type=track; retry after 11 seconds.
[20-12-30 11:46:01.8864] Plugins::Spotty::OPML::__ANON__ (191) Failed to get featured playlists and/or token - do not continue
[20-12-30 11:46:04.0236] Plugins::Spotty::OPML::__ANON__ (191) Failed to get featured playlists and/or token - do not continue
[20-12-30 11:46:05.4734] Plugins::Spotty::OPML::__ANON__ (191) Failed to get featured playlists and/or token - do not continue
[20-12-30 11:46:08.6932] Plugins::Spotty::OPML::__ANON__ (191) Failed to get featured playlists and/or token - do not continue
[20-12-30 11:59:34.3899] Slim::Utils::Misc::msg (1266) Warning: [11:59:34.3895] Use of uninitialized value in concatenation (.) or string at /config/cache/InstalledPlugins/Plugins/RaopBridge/HTML/EN/plugins/RaopBridge/settings/basic.html line 108.
[20-12-30 11:59:34.3917] Slim::Utils::Misc::msg (1266) Warning: [11:59:34.3915] Use of uninitialized value in concatenation (.) or string at /config/cache/InstalledPlugins/Plugins/RaopBridge/HTML/EN/plugins/RaopBridge/settings/basic.html line 116.
[20-12-30 11:59:34.3931] Slim::Utils::Misc::msg (1266) Warning: [11:59:34.3929] Use of uninitialized value in concatenation (.) or string at /config/cache/InstalledPlugins/Plugins/RaopBridge/HTML/EN/plugins/RaopBridge/settings/basic.html line 122.
[20-12-30 11:59:34.3944] Slim::Utils::Misc::msg (1266) Warning: [11:59:34.3942] Use of uninitialized value in concatenation (.) or string at /config/cache/InstalledPlugins/Plugins/RaopBridge/HTML/EN/plugins/RaopBridge/settings/basic.html line 128.
[20-12-30 11:59:34.3972] Slim::Utils::Misc::msg (1266) Warning: [11:59:34.3970] Use of uninitialized value in concatenation (.) or string at /config/cache/InstalledPlugins/Plugins/RaopBridge/HTML/EN/plugins/RaopBridge/settings/basic.html line 137.
[20-12-30 11:59:34.3995] Slim::Utils::Misc::msg (1266) Warning: [11:59:34.3992] Use of uninitialized value in concatenation (.) or string at /config/cache/InstalledPlugins/Plugins/RaopBridge/HTML/EN/plugins/RaopBridge/settings/basic.html line 150.
[20-12-30 11:59:34.4037] Slim::Utils::Misc::msg (1266) Warning: [11:59:34.4035] Use of uninitialized value in concatenation (.) or string at /config/cache/InstalledPlugins/Plugins/RaopBridge/HTML/EN/plugins/RaopBridge/settings/basic.html line 156.
[20-12-30 11:59:34.4057] Slim::Utils::Misc::msg (1266) Warning: [11:59:34.4054] Use of uninitialized value in concatenation (.) or string at /config/cache/InstalledPlugins/Plugins/RaopBridge/HTML/EN/plugins/RaopBridge/settings/basic.html line 167.
[20-12-30 11:59:34.4069] Slim::Utils::Misc::msg (1266) Warning: [11:59:34.4066] Use of uninitialized value in concatenation (.) or string at /config/cache/InstalledPlugins/Plugins/RaopBridge/HTML/EN/plugins/RaopBridge/settings/basic.html line 173.
[20-12-30 11:59:34.4088] Slim::Utils::Misc::msg (1266) Warning: [11:59:34.4086] Use of uninitialized value in concatenation (.) or string at /config/cache/InstalledPlugins/Plugins/RaopBridge/HTML/EN/plugins/RaopBridge/settings/basic.html line 182.
[20-12-30 11:59:42.5650] Slim::Utils::Misc::msg (1266) Warning: [11:59:42.5646] Use of uninitialized value in concatenation (.) or string at /config/cache/InstalledPlugins/Plugins/RaopBridge/HTML/EN/plugins/RaopBridge/settings/basic.html line 108.
[20-12-30 11:59:42.5672] Slim::Utils::Misc::msg (1266) Warning: [11:59:42.5669] Use of uninitialized value in concatenation (.) or string at /config/cache/InstalledPlugins/Plugins/RaopBridge/HTML/EN/plugins/RaopBridge/settings/basic.html line 116.
[20-12-30 11:59:42.5690] Slim::Utils::Misc::msg (1266) Warning: [11:59:42.5687] Use of uninitialized value in concatenation (.) or string at /config/cache/InstalledPlugins/Plugins/RaopBridge/HTML/EN/plugins/RaopBridge/settings/basic.html line 122.
[20-12-30 11:59:42.5715] Slim::Utils::Misc::msg (1266) Warning: [11:59:42.5712] Use of uninitialized value in concatenation (.) or string at /config/cache/InstalledPlugins/Plugins/RaopBridge/HTML/EN/plugins/RaopBridge/settings/basic.html line 128.
[20-12-30 11:59:42.5749] Slim::Utils::Misc::msg (1266) Warning: [11:59:42.5746] Use of uninitialized value in concatenation (.) or string at /config/cache/InstalledPlugins/Plugins/RaopBridge/HTML/EN/plugins/RaopBridge/settings/basic.html line 137.
[20-12-30 11:59:42.5783] Slim::Utils::Misc::msg (1266) Warning: [11:59:42.5780] Use of uninitialized value in concatenation (.) or string at /config/cache/InstalledPlugins/Plugins/RaopBridge/HTML/EN/plugins/RaopBridge/settings/basic.html line 150.
[20-12-30 11:59:42.5800] Slim::Utils::Misc::msg (1266) Warning: [11:59:42.5797] Use of uninitialized value in concatenation (.) or string at /config/cache/InstalledPlugins/Plugins/RaopBridge/HTML/EN/plugins/RaopBridge/settings/basic.html line 156.
[20-12-30 11:59:42.5821] Slim::Utils::Misc::msg (1266) Warning: [11:59:42.5819] Use of uninitialized value in concatenation (.) or string at /config/cache/InstalledPlugins/Plugins/RaopBridge/HTML/EN/plugins/RaopBridge/settings/basic.html line 167.
[20-12-30 11:59:42.5838] Slim::Utils::Misc::msg (1266) Warning: [11:59:42.5835] Use of uninitialized value in concatenation (.) or string at /config/cache/InstalledPlugins/Plugins/RaopBridge/HTML/EN/plugins/RaopBridge/settings/basic.html line 173.
[20-12-30 11:59:42.5861] Slim::Utils::Misc::msg (1266) Warning: [11:59:42.5857] Use of uninitialized value in concatenation (.) or string at /config/cache/InstalledPlugins/Plugins/RaopBridge/HTML/EN/plugins/RaopBridge/settings/basic.html line 182.
[20-12-30 11:59:50.0170] Slim::Utils::Misc::msg (1266) Warning: [11:59:50.0167] Use of uninitialized value in concatenation (.) or string at /config/cache/InstalledPlugins/Plugins/RaopBridge/HTML/EN/plugins/RaopBridge/settings/basic.html line 108.
[20-12-30 11:59:50.0187] Slim::Utils::Misc::msg (1266) Warning: [11:59:50.0183] Use of uninitialized value in concatenation (.) or string at /config/cache/InstalledPlugins/Plugins/RaopBridge/HTML/EN/plugins/RaopBridge/settings/basic.html line 116.
[20-12-30 11:59:50.0208] Slim::Utils::Misc::msg (1266) Warning: [11:59:50.0204] Use of uninitialized value in concatenation (.) or string at /config/cache/InstalledPlugins/Plugins/RaopBridge/HTML/EN/plugins/RaopBridge/settings/basic.html line 122.
[20-12-30 11:59:50.0223] Slim::Utils::Misc::msg (1266) Warning: [11:59:50.0219] Use of uninitialized value in concatenation (.) or string at /config/cache/InstalledPlugins/Plugins/RaopBridge/HTML/EN/plugins/RaopBridge/settings/basic.html line 128.
[20-12-30 11:59:50.0246] Slim::Utils::Misc::msg (1266) Warning: [11:59:50.0243] Use of uninitialized value in concatenation (.) or string at /config/cache/InstalledPlugins/Plugins/RaopBridge/HTML/EN/plugins/RaopBridge/settings/basic.html line 137.
[20-12-30 11:59:50.0287] Slim::Utils::Misc::msg (1266) Warning: [11:59:50.0282] Use of uninitialized value in concatenation (.) or string at /config/cache/InstalledPlugins/Plugins/RaopBridge/HTML/EN/plugins/RaopBridge/settings/basic.html line 150.
[20-12-30 11:59:50.0308] Slim::Utils::Misc::msg (1266) Warning: [11:59:50.0304] Use of uninitialized value in concatenation (.) or string at /config/cache/InstalledPlugins/Plugins/RaopBridge/HTML/EN/plugins/RaopBridge/settings/basic.html line 156.
[20-12-30 11:59:50.0343] Slim::Utils::Misc::msg (1266) Warning: [11:59:50.0339] Use of uninitialized value in concatenation (.) or string at /config/cache/InstalledPlugins/Plugins/RaopBridge/HTML/EN/plugins/RaopBridge/settings/basic.html line 167.
[20-12-30 11:59:50.0361] Slim::Utils::Misc::msg (1266) Warning: [11:59:50.0356] Use of uninitialized value in concatenation (.) or string at /config/cache/InstalledPlugins/Plugins/RaopBridge/HTML/EN/plugins/RaopBridge/settings/basic.html line 173.
[20-12-30 11:59:50.0390] Slim::Utils::Misc::msg (1266) Warning: [11:59:50.0385] Use of uninitialized value in concatenation (.) or string at /config/cache/InstalledPlugins/Plugins/RaopBridge/HTML/EN/plugins/RaopBridge/settings/basic.html line 182.
[20-12-30 11:59:50.0625] Slim::Utils::Misc::msg (1266) Warning: [11:59:50.0623] Use of uninitialized value in concatenation (.) or string at /config/cache/InstalledPlugins/Plugins/RaopBridge/HTML/EN/plugins/RaopBridge/settings/basic.html line 108.
[20-12-30 11:59:50.0644] Slim::Utils::Misc::msg (1266) Warning: [11:59:50.0640] Use of uninitialized value in concatenation (.) or string at /config/cache/InstalledPlugins/Plugins/RaopBridge/HTML/EN/plugins/RaopBridge/settings/basic.html line 116.
[20-12-30 11:59:50.0657] Slim::Utils::Misc::msg (1266) Warning: [11:59:50.0655] Use of uninitialized value in concatenation (.) or string at /config/cache/InstalledPlugins/Plugins/RaopBridge/HTML/EN/plugins/RaopBridge/settings/basic.html line 122.
[20-12-30 11:59:50.0670] Slim::Utils::Misc::msg (1266) Warning: [11:59:50.0667] Use of uninitialized value in concatenation (.) or string at /config/cache/InstalledPlugins/Plugins/RaopBridge/HTML/EN/plugins/RaopBridge/settings/basic.html line 128.
[20-12-30 11:59:50.0690] Slim::Utils::Misc::msg (1266) Warning: [11:59:50.0687] Use of uninitialized value in concatenation (.) or string at /config/cache/InstalledPlugins/Plugins/RaopBridge/HTML/EN/plugins/RaopBridge/settings/basic.html line 137.
[20-12-30 11:59:50.0712] Slim::Utils::Misc::msg (1266) Warning: [11:59:50.0709] Use of uninitialized value in concatenation (.) or string at /config/cache/InstalledPlugins/Plugins/RaopBridge/HTML/EN/plugins/RaopBridge/settings/basic.html line 150.
[20-12-30 11:59:50.0724] Slim::Utils::Misc::msg (1266) Warning: [11:59:50.0722] Use of uninitialized value in concatenation (.) or string at /config/cache/InstalledPlugins/Plugins/RaopBridge/HTML/EN/plugins/RaopBridge/settings/basic.html line 156.
[20-12-30 11:59:50.0741] Slim::Utils::Misc::msg (1266) Warning: [11:59:50.0739] Use of uninitialized value in concatenation (.) or string at /config/cache/InstalledPlugins/Plugins/RaopBridge/HTML/EN/plugins/RaopBridge/settings/basic.html line 167.
[20-12-30 11:59:50.0752] Slim::Utils::Misc::msg (1266) Warning: [11:59:50.0751] Use of uninitialized value in concatenation (.) or string at /config/cache/InstalledPlugins/Plugins/RaopBridge/HTML/EN/plugins/RaopBridge/settings/basic.html line 173.
[20-12-30 11:59:50.0786] Slim::Utils::Misc::msg (1266) Warning: [11:59:50.0781] Use of uninitialized value in concatenation (.) or string at /config/cache/InstalledPlugins/Plugins/RaopBridge/HTML/EN/plugins/RaopBridge/settings/basic.html line 182.
[20-12-30 12:00:11.4702] Slim::Utils::Misc::msg (1266) Warning: [12:00:11.4696] Use of uninitialized value in concatenation (.) or string at /config/cache/InstalledPlugins/Plugins/RaopBridge/HTML/EN/plugins/RaopBridge/settings/basic.html line 108.
[20-12-30 12:00:11.4721] Slim::Utils::Misc::msg (1266) Warning: [12:00:11.4718] Use of uninitialized value in concatenation (.) or string at /config/cache/InstalledPlugins/Plugins/RaopBridge/HTML/EN/plugins/RaopBridge/settings/basic.html line 116.
[20-12-30 12:00:11.4742] Slim::Utils::Misc::msg (1266) Warning: [12:00:11.4736] Use of uninitialized value in concatenation (.) or string at /config/cache/InstalledPlugins/Plugins/RaopBridge/HTML/EN/plugins/RaopBridge/settings/basic.html line 122.
[20-12-30 12:00:11.4760] Slim::Utils::Misc::msg (1266) Warning: [12:00:11.4756] Use of uninitialized value in concatenation (.) or string at /config/cache/InstalledPlugins/Plugins/RaopBridge/HTML/EN/plugins/RaopBridge/settings/basic.html line 128.
[20-12-30 12:00:11.4785] Slim::Utils::Misc::msg (1266) Warning: [12:00:11.4783] Use of uninitialized value in concatenation (.) or string at /config/cache/InstalledPlugins/Plugins/RaopBridge/HTML/EN/plugins/RaopBridge/settings/basic.html line 137.
[20-12-30 12:00:11.4815] Slim::Utils::Misc::msg (1266) Warning: [12:00:11.4812] Use of uninitialized value in concatenation (.) or string at /config/cache/InstalledPlugins/Plugins/RaopBridge/HTML/EN/plugins/RaopBridge/settings/basic.html line 150.
[20-12-30 12:00:11.4834] Slim::Utils::Misc::msg (1266) Warning: [12:00:11.4830] Use of uninitialized value in concatenation (.) or string at /config/cache/InstalledPlugins/Plugins/RaopBridge/HTML/EN/plugins/RaopBridge/settings/basic.html line 156.
[20-12-30 12:00:11.4866] Slim::Utils::Misc::msg (1266) Warning: [12:00:11.4862] Use of uninitialized value in concatenation (.) or string at /config/cache/InstalledPlugins/Plugins/RaopBridge/HTML/EN/plugins/RaopBridge/settings/basic.html line 167.
[20-12-30 12:00:11.4888] Slim::Utils::Misc::msg (1266) Warning: [12:00:11.4882] Use of uninitialized value in concatenation (.) or string at /config/cache/InstalledPlugins/Plugins/RaopBridge/HTML/EN/plugins/RaopBridge/settings/basic.html line 173.
[20-12-30 12:00:11.4918] Slim::Utils::Misc::msg (1266) Warning: [12:00:11.4916] Use of uninitialized value in concatenation (.) or string at /config/cache/InstalledPlugins/Plugins/RaopBridge/HTML/EN/plugins/RaopBridge/settings/basic.html line 182.
[20-12-30 12:00:25.1153] Slim::Utils::Misc::msg (1266) Warning: [12:00:25.1151] Use of uninitialized value in concatenation (.) or string at /config/cache/InstalledPlugins/Plugins/RaopBridge/HTML/EN/plugins/RaopBridge/settings/basic.html line 108.
[20-12-30 12:00:25.1177] Slim::Utils::Misc::msg (1266) Warning: [12:00:25.1172] Use of uninitialized value in concatenation (.) or string at /config/cache/InstalledPlugins/Plugins/RaopBridge/HTML/EN/plugins/RaopBridge/settings/basic.html line 116.
[20-12-30 12:00:25.1193] Slim::Utils::Misc::msg (1266) Warning: [12:00:25.1190] Use of uninitialized value in concatenation (.) or string at /config/cache/InstalledPlugins/Plugins/RaopBridge/HTML/EN/plugins/RaopBridge/settings/basic.html line 122.
[20-12-30 12:00:25.1209] Slim::Utils::Misc::msg (1266) Warning: [12:00:25.1205] Use of uninitialized value in concatenation (.) or string at /config/cache/InstalledPlugins/Plugins/RaopBridge/HTML/EN/plugins/RaopBridge/settings/basic.html line 128.
[20-12-30 12:00:25.1231] Slim::Utils::Misc::msg (1266) Warning: [12:00:25.1229] Use of uninitialized value in concatenation (.) or string at /config/cache/InstalledPlugins/Plugins/RaopBridge/HTML/EN/plugins/RaopBridge/settings/basic.html line 137.
[20-12-30 12:00:25.1272] Slim::Utils::Misc::msg (1266) Warning: [12:00:25.1268] Use of uninitialized value in concatenation (.) or string at /config/cache/InstalledPlugins/Plugins/RaopBridge/HTML/EN/plugins/RaopBridge/settings/basic.html line 150.
[20-12-30 12:00:25.1287] Slim::Utils::Misc::msg (1266) Warning: [12:00:25.1284] Use of uninitialized value in concatenation (.) or string at /config/cache/InstalledPlugins/Plugins/RaopBridge/HTML/EN/plugins/RaopBridge/settings/basic.html line 156.
[20-12-30 12:00:25.1313] Slim::Utils::Misc::msg (1266) Warning: [12:00:25.1310] Use of uninitialized value in concatenation (.) or string at /config/cache/InstalledPlugins/Plugins/RaopBridge/HTML/EN/plugins/RaopBridge/settings/basic.html line 167.
[20-12-30 12:00:25.1340] Slim::Utils::Misc::msg (1266) Warning: [12:00:25.1336] Use of uninitialized value in concatenation (.) or string at /config/cache/InstalledPlugins/Plugins/RaopBridge/HTML/EN/plugins/RaopBridge/settings/basic.html line 173.
[20-12-30 12:00:25.1369] Slim::Utils::Misc::msg (1266) Warning: [12:00:25.1359] Use of uninitialized value in concatenation (.) or string at /config/cache/InstalledPlugins/Plugins/RaopBridge/HTML/EN/plugins/RaopBridge/settings/basic.html line 182.
[20-12-30 12:00:33.1964] Slim::Utils::Misc::msg (1266) Warning: [12:00:33.1959] Use of uninitialized value in concatenation (.) or string at /config/cache/InstalledPlugins/Plugins/RaopBridge/HTML/EN/plugins/RaopBridge/settings/basic.html line 108.
[20-12-30 12:00:33.1996] Slim::Utils::Misc::msg (1266) Warning: [12:00:33.1990] Use of uninitialized value in concatenation (.) or string at /config/cache/InstalledPlugins/Plugins/RaopBridge/HTML/EN/plugins/RaopBridge/settings/basic.html line 116.
[20-12-30 12:00:33.2022] Slim::Utils::Misc::msg (1266) Warning: [12:00:33.2018] Use of uninitialized value in concatenation (.) or string at /config/cache/InstalledPlugins/Plugins/RaopBridge/HTML/EN/plugins/RaopBridge/settings/basic.html line 122.
[20-12-30 12:00:33.2041] Slim::Utils::Misc::msg (1266) Warning: [12:00:33.2038] Use of uninitialized value in concatenation (.) or string at /config/cache/InstalledPlugins/Plugins/RaopBridge/HTML/EN/plugins/RaopBridge/settings/basic.html line 128.
[20-12-30 12:00:33.2069] Slim::Utils::Misc::msg (1266) Warning: [12:00:33.2065] Use of uninitialized value in concatenation (.) or string at /config/cache/InstalledPlugins/Plugins/RaopBridge/HTML/EN/plugins/RaopBridge/settings/basic.html line 137.
[20-12-30 12:00:33.2097] Slim::Utils::Misc::msg (1266) Warning: [12:00:33.2093] Use of uninitialized value in concatenation (.) or string at /config/cache/InstalledPlugins/Plugins/RaopBridge/HTML/EN/plugins/RaopBridge/settings/basic.html line 150.
[20-12-30 12:00:33.2114] Slim::Utils::Misc::msg (1266) Warning: [12:00:33.2111] Use of uninitialized value in concatenation (.) or string at /config/cache/InstalledPlugins/Plugins/RaopBridge/HTML/EN/plugins/RaopBridge/settings/basic.html line 156.
[20-12-30 12:00:33.2139] Slim::Utils::Misc::msg (1266) Warning: [12:00:33.2135] Use of uninitialized value in concatenation (.) or string at /config/cache/InstalledPlugins/Plugins/RaopBridge/HTML/EN/plugins/RaopBridge/settings/basic.html line 167.
[20-12-30 12:00:33.2159] Slim::Utils::Misc::msg (1266) Warning: [12:00:33.2154] Use of uninitialized value in concatenation (.) or string at /config/cache/InstalledPlugins/Plugins/RaopBridge/HTML/EN/plugins/RaopBridge/settings/basic.html line 173.
[20-12-30 12:00:33.2184] Slim::Utils::Misc::msg (1266) Warning: [12:00:33.2181] Use of uninitialized value in concatenation (.) or string at /config/cache/InstalledPlugins/Plugins/RaopBridge/HTML/EN/plugins/RaopBridge/settings/basic.html line 182.
[20-12-30 12:00:33.2412] Slim::Utils::Misc::msg (1266) Warning: [12:00:33.2409] Use of uninitialized value in concatenation (.) or string at /config/cache/InstalledPlugins/Plugins/RaopBridge/HTML/EN/plugins/RaopBridge/settings/basic.html line 108.
[20-12-30 12:00:33.2424] Slim::Utils::Misc::msg (1266) Warning: [12:00:33.2423] Use of uninitialized value in concatenation (.) or string at /config/cache/InstalledPlugins/Plugins/RaopBridge/HTML/EN/plugins/RaopBridge/settings/basic.html line 116.
[20-12-30 12:00:33.2581] Slim::Utils::Misc::msg (1266) Warning: [12:00:33.2579] Use of uninitialized value in concatenation (.) or string at /config/cache/InstalledPlugins/Plugins/RaopBridge/HTML/EN/plugins/RaopBridge/settings/basic.html line 122.
[20-12-30 12:00:33.2603] Slim::Utils::Misc::msg (1266) Warning: [12:00:33.2601] Use of uninitialized value in concatenation (.) or string at /config/cache/InstalledPlugins/Plugins/RaopBridge/HTML/EN/plugins/RaopBridge/settings/basic.html line 128.
[20-12-30 12:00:33.2619] Slim::Utils::Misc::msg (1266) Warning: [12:00:33.2617] Use of uninitialized value in concatenation (.) or string at /config/cache/InstalledPlugins/Plugins/RaopBridge/HTML/EN/plugins/RaopBridge/settings/basic.html line 137.
[20-12-30 12:00:33.2636] Slim::Utils::Misc::msg (1266) Warning: [12:00:33.2634] Use of uninitialized value in concatenation (.) or string at /config/cache/InstalledPlugins/Plugins/RaopBridge/HTML/EN/plugins/RaopBridge/settings/basic.html line 150.
[20-12-30 12:00:33.2649] Slim::Utils::Misc::msg (1266) Warning: [12:00:33.2646] Use of uninitialized value in concatenation (.) or string at /config/cache/InstalledPlugins/Plugins/RaopBridge/HTML/EN/plugins/RaopBridge/settings/basic.html line 156.
[20-12-30 12:00:33.2672] Slim::Utils::Misc::msg (1266) Warning: [12:00:33.2669] Use of uninitialized value in concatenation (.) or string at /config/cache/InstalledPlugins/Plugins/RaopBridge/HTML/EN/plugins/RaopBridge/settings/basic.html line 167.
[20-12-30 12:00:33.2684] Slim::Utils::Misc::msg (1266) Warning: [12:00:33.2682] Use of uninitialized value in concatenation (.) or string at /config/cache/InstalledPlugins/Plugins/RaopBridge/HTML/EN/plugins/RaopBridge/settings/basic.html line 173.
[20-12-30 12:00:33.2697] Slim::Utils::Misc::msg (1266) Warning: [12:00:33.2696] Use of uninitialized value in concatenation (.) or string at /config/cache/InstalledPlugins/Plugins/RaopBridge/HTML/EN/plugins/RaopBridge/settings/basic.html line 182.
[20-12-30 12:00:37.7568] Plugins::RaopBridge::Squeeze2raop::start (132) executable not having 'x' permission, correcting
[20-12-30 12:00:37.7978] Slim::Utils::Misc::msg (1266) Warning: [12:00:37.7974] Use of uninitialized value in concatenation (.) or string at /config/cache/InstalledPlugins/Plugins/RaopBridge/HTML/EN/plugins/RaopBridge/settings/basic.html line 108.
[20-12-30 12:00:37.7997] Slim::Utils::Misc::msg (1266) Warning: [12:00:37.7995] Use of uninitialized value in concatenation (.) or string at /config/cache/InstalledPlugins/Plugins/RaopBridge/HTML/EN/plugins/RaopBridge/settings/basic.html line 116.
[20-12-30 12:00:37.8010] Slim::Utils::Misc::msg (1266) Warning: [12:00:37.8007] Use of uninitialized value in concatenation (.) or string at /config/cache/InstalledPlugins/Plugins/RaopBridge/HTML/EN/plugins/RaopBridge/settings/basic.html line 122.
[20-12-30 12:00:37.8023] Slim::Utils::Misc::msg (1266) Warning: [12:00:37.8020] Use of uninitialized value in concatenation (.) or string at /config/cache/InstalledPlugins/Plugins/RaopBridge/HTML/EN/plugins/RaopBridge/settings/basic.html line 128.
[20-12-30 12:00:37.8053] Slim::Utils::Misc::msg (1266) Warning: [12:00:37.8051] Use of uninitialized value in concatenation (.) or string at /config/cache/InstalledPlugins/Plugins/RaopBridge/HTML/EN/plugins/RaopBridge/settings/basic.html line 137.
[20-12-30 12:00:37.8069] Slim::Utils::Misc::msg (1266) Warning: [12:00:37.8067] Use of uninitialized value in concatenation (.) or string at /config/cache/InstalledPlugins/Plugins/RaopBridge/HTML/EN/plugins/RaopBridge/settings/basic.html line 150.
[20-12-30 12:00:37.8079] Slim::Utils::Misc::msg (1266) Warning: [12:00:37.8077] Use of uninitialized value in concatenation (.) or string at /config/cache/InstalledPlugins/Plugins/RaopBridge/HTML/EN/plugins/RaopBridge/settings/basic.html line 156.
[20-12-30 12:00:37.8095] Slim::Utils::Misc::msg (1266) Warning: [12:00:37.8093] Use of uninitialized value in concatenation (.) or string at /config/cache/InstalledPlugins/Plugins/RaopBridge/HTML/EN/plugins/RaopBridge/settings/basic.html line 167.
[20-12-30 12:00:37.8104] Slim::Utils::Misc::msg (1266) Warning: [12:00:37.8103] Use of uninitialized value in concatenation (.) or string at /config/cache/InstalledPlugins/Plugins/RaopBridge/HTML/EN/plugins/RaopBridge/settings/basic.html line 173.
[20-12-30 12:00:37.8117] Slim::Utils::Misc::msg (1266) Warning: [12:00:37.8116] Use of uninitialized value in concatenation (.) or string at /config/cache/InstalledPlugins/Plugins/RaopBridge/HTML/EN/plugins/RaopBridge/settings/basic.html line 182.
[20-12-30 12:00:41.4253] Plugins::RaopBridge::Squeeze2raop::beat (182) crashed ... restarting
[20-12-30 12:00:42.4932] Slim::Utils::Misc::msg (1266) Warning: [12:00:42.4929] Use of uninitialized value in concatenation (.) or string at /config/cache/InstalledPlugins/Plugins/RaopBridge/HTML/EN/plugins/RaopBridge/settings/basic.html line 108.
[20-12-30 12:00:42.4957] Slim::Utils::Misc::msg (1266) Warning: [12:00:42.4951] Use of uninitialized value in concatenation (.) or string at /config/cache/InstalledPlugins/Plugins/RaopBridge/HTML/EN/plugins/RaopBridge/settings/basic.html line 116.
[20-12-30 12:00:42.4980] Slim::Utils::Misc::msg (1266) Warning: [12:00:42.4976] Use of uninitialized value in concatenation (.) or string at /config/cache/InstalledPlugins/Plugins/RaopBridge/HTML/EN/plugins/RaopBridge/settings/basic.html line 122.
[20-12-30 12:00:42.5002] Slim::Utils::Misc::msg (1266) Warning: [12:00:42.4997] Use of uninitialized value in concatenation (.) or string at /config/cache/InstalledPlugins/Plugins/RaopBridge/HTML/EN/plugins/RaopBridge/settings/basic.html line 128.
[20-12-30 12:00:42.5048] Slim::Utils::Misc::msg (1266) Warning: [12:00:42.5044] Use of uninitialized value in concatenation (.) or string at /config/cache/InstalledPlugins/Plugins/RaopBridge/HTML/EN/plugins/RaopBridge/settings/basic.html line 137.
[20-12-30 12:00:42.5072] Slim::Utils::Misc::msg (1266) Warning: [12:00:42.5069] Use of uninitialized value in concatenation (.) or string at /config/cache/InstalledPlugins/Plugins/RaopBridge/HTML/EN/plugins/RaopBridge/settings/basic.html line 150.
[20-12-30 12:00:42.5086] Slim::Utils::Misc::msg (1266) Warning: [12:00:42.5084] Use of uninitialized value in concatenation (.) or string at /config/cache/InstalledPlugins/Plugins/RaopBridge/HTML/EN/plugins/RaopBridge/settings/basic.html line 156.
[20-12-30 12:00:42.5111] Slim::Utils::Misc::msg (1266) Warning: [12:00:42.5108] Use of uninitialized value in concatenation (.) or string at /config/cache/InstalledPlugins/Plugins/RaopBridge/HTML/EN/plugins/RaopBridge/settings/basic.html line 167.
[20-12-30 12:00:42.5134] Slim::Utils::Misc::msg (1266) Warning: [12:00:42.5129] Use of uninitialized value in concatenation (.) or string at /config/cache/InstalledPlugins/Plugins/RaopBridge/HTML/EN/plugins/RaopBridge/settings/basic.html line 173.
[20-12-30 12:00:42.5185] Slim::Utils::Misc::msg (1266) Warning: [12:00:42.5181] Use of uninitialized value in concatenation (.) or string at /config/cache/InstalledPlugins/Plugins/RaopBridge/HTML/EN/plugins/RaopBridge/settings/basic.html line 182.
[20-12-30 12:00:42.5424] Slim::Utils::Misc::msg (1266) Warning: [12:00:42.5422] Use of uninitialized value in concatenation (.) or string at /config/cache/InstalledPlugins/Plugins/RaopBridge/HTML/EN/plugins/RaopBridge/settings/basic.html line 108.
[20-12-30 12:00:42.5442] Slim::Utils::Misc::msg (1266) Warning: [12:00:42.5439] Use of uninitialized value in concatenation (.) or string at /config/cache/InstalledPlugins/Plugins/RaopBridge/HTML/EN/plugins/RaopBridge/settings/basic.html line 116.
[20-12-30 12:00:42.5455] Slim::Utils::Misc::msg (1266) Warning: [12:00:42.5453] Use of uninitialized value in concatenation (.) or string at /config/cache/InstalledPlugins/Plugins/RaopBridge/HTML/EN/plugins/RaopBridge/settings/basic.html line 122.
[20-12-30 12:00:42.5469] Slim::Utils::Misc::msg (1266) Warning: [12:00:42.5466] Use of uninitialized value in concatenation (.) or string at /config/cache/InstalledPlugins/Plugins/RaopBridge/HTML/EN/plugins/RaopBridge/settings/basic.html line 128.
[20-12-30 12:00:42.5494] Slim::Utils::Misc::msg (1266) Warning: [12:00:42.5490] Use of uninitialized value in concatenation (.) or string at /config/cache/InstalledPlugins/Plugins/RaopBridge/HTML/EN/plugins/RaopBridge/settings/basic.html line 137.
[20-12-30 12:00:42.5516] Slim::Utils::Misc::msg (1266) Warning: [12:00:42.5513] Use of uninitialized value in concatenation (.) or string at /config/cache/InstalledPlugins/Plugins/RaopBridge/HTML/EN/plugins/RaopBridge/settings/basic.html line 150.
[20-12-30 12:00:42.5528] Slim::Utils::Misc::msg (1266) Warning: [12:00:42.5526] Use of uninitialized value in concatenation (.) or string at /config/cache/InstalledPlugins/Plugins/RaopBridge/HTML/EN/plugins/RaopBridge/settings/basic.html line 156.
[20-12-30 12:00:42.5554] Slim::Utils::Misc::msg (1266) Warning: [12:00:42.5550] Use of uninitialized value in concatenation (.) or string at /config/cache/InstalledPlugins/Plugins/RaopBridge/HTML/EN/plugins/RaopBridge/settings/basic.html line 167.
[20-12-30 12:00:42.5567] Slim::Utils::Misc::msg (1266) Warning: [12:00:42.5565] Use of uninitialized value in concatenation (.) or string at /config/cache/InstalledPlugins/Plugins/RaopBridge/HTML/EN/plugins/RaopBridge/settings/basic.html line 173.
[20-12-30 12:00:42.5588] Slim::Utils::Misc::msg (1266) Warning: [12:00:42.5585] Use of uninitialized value in concatenation (.) or string at /config/cache/InstalledPlugins/Plugins/RaopBridge/HTML/EN/plugins/RaopBridge/settings/basic.html line 182.
[20-12-30 12:00:49.9770] Plugins::RaopBridge::Squeeze2raop::beat (182) crashed ... restarting
[20-12-30 12:00:52.3542] Slim::Utils::Misc::msg (1266) Warning: [12:00:52.3538] Use of uninitialized value in concatenation (.) or string at /config/cache/InstalledPlugins/Plugins/RaopBridge/HTML/EN/plugins/RaopBridge/settings/basic.html line 108.
[20-12-30 12:00:52.3563] Slim::Utils::Misc::msg (1266) Warning: [12:00:52.3560] Use of uninitialized value in concatenation (.) or string at /config/cache/InstalledPlugins/Plugins/RaopBridge/HTML/EN/plugins/RaopBridge/settings/basic.html line 116.
[20-12-30 12:00:52.3624] Slim::Utils::Misc::msg (1266) Warning: [12:00:52.3611] Use of uninitialized value in concatenation (.) or string at /config/cache/InstalledPlugins/Plugins/RaopBridge/HTML/EN/plugins/RaopBridge/settings/basic.html line 122.
[20-12-30 12:00:52.3654] Slim::Utils::Misc::msg (1266) Warning: [12:00:52.3649] Use of uninitialized value in concatenation (.) or string at /config/cache/InstalledPlugins/Plugins/RaopBridge/HTML/EN/plugins/RaopBridge/settings/basic.html line 128.
[20-12-30 12:00:52.3707] Slim::Utils::Misc::msg (1266) Warning: [12:00:52.3703] Use of uninitialized value in concatenation (.) or string at /config/cache/InstalledPlugins/Plugins/RaopBridge/HTML/EN/plugins/RaopBridge/settings/basic.html line 137.
[20-12-30 12:00:52.3739] Slim::Utils::Misc::msg (1266) Warning: [12:00:52.3736] Use of uninitialized value in concatenation (.) or string at /config/cache/InstalledPlugins/Plugins/RaopBridge/HTML/EN/plugins/RaopBridge/settings/basic.html line 150.
[20-12-30 12:00:52.3760] Slim::Utils::Misc::msg (1266) Warning: [12:00:52.3756] Use of uninitialized value in concatenation (.) or string at /config/cache/InstalledPlugins/Plugins/RaopBridge/HTML/EN/plugins/RaopBridge/settings/basic.html line 156.
[20-12-30 12:00:52.3791] Slim::Utils::Misc::msg (1266) Warning: [12:00:52.3785] Use of uninitialized value in concatenation (.) or string at /config/cache/InstalledPlugins/Plugins/RaopBridge/HTML/EN/plugins/RaopBridge/settings/basic.html line 167.
[20-12-30 12:00:52.3816] Slim::Utils::Misc::msg (1266) Warning: [12:00:52.3812] Use of uninitialized value in concatenation (.) or string at /config/cache/InstalledPlugins/Plugins/RaopBridge/HTML/EN/plugins/RaopBridge/settings/basic.html line 173.
[20-12-30 12:00:52.3846] Slim::Utils::Misc::msg (1266) Warning: [12:00:52.3841] Use of uninitialized value in concatenation (.) or string at /config/cache/InstalledPlugins/Plugins/RaopBridge/HTML/EN/plugins/RaopBridge/settings/basic.html line 182.
[20-12-30 12:00:54.1587] Slim::Utils::Misc::msg (1266) Warning: [12:00:54.1583] Use of uninitialized value in concatenation (.) or string at /config/cache/InstalledPlugins/Plugins/RaopBridge/HTML/EN/plugins/RaopBridge/settings/basic.html line 108.
[20-12-30 12:00:54.1613] Slim::Utils::Misc::msg (1266) Warning: [12:00:54.1610] Use of uninitialized value in concatenation (.) or string at /config/cache/InstalledPlugins/Plugins/RaopBridge/HTML/EN/plugins/RaopBridge/settings/basic.html line 116.
[20-12-30 12:00:54.1639] Slim::Utils::Misc::msg (1266) Warning: [12:00:54.1633] Use of uninitialized value in concatenation (.) or string at /config/cache/InstalledPlugins/Plugins/RaopBridge/HTML/EN/plugins/RaopBridge/settings/basic.html line 122.
[20-12-30 12:00:54.1673] Slim::Utils::Misc::msg (1266) Warning: [12:00:54.1668] Use of uninitialized value in concatenation (.) or string at /config/cache/InstalledPlugins/Plugins/RaopBridge/HTML/EN/plugins/RaopBridge/settings/basic.html line 128.
[20-12-30 12:00:54.1709] Slim::Utils::Misc::msg (1266) Warning: [12:00:54.1705] Use of uninitialized value in concatenation (.) or string at /config/cache/InstalledPlugins/Plugins/RaopBridge/HTML/EN/plugins/RaopBridge/settings/basic.html line 137.
[20-12-30 12:00:54.1736] Slim::Utils::Misc::msg (1266) Warning: [12:00:54.1732] Use of uninitialized value in concatenation (.) or string at /config/cache/InstalledPlugins/Plugins/RaopBridge/HTML/EN/plugins/RaopBridge/settings/basic.html line 150.
[20-12-30 12:00:54.1754] Slim::Utils::Misc::msg (1266) Warning: [12:00:54.1749] Use of uninitialized value in concatenation (.) or string at /config/cache/InstalledPlugins/Plugins/RaopBridge/HTML/EN/plugins/RaopBridge/settings/basic.html line 156.
[20-12-30 12:00:54.1787] Slim::Utils::Misc::msg (1266) Warning: [12:00:54.1780] Use of uninitialized value in concatenation (.) or string at /config/cache/InstalledPlugins/Plugins/RaopBridge/HTML/EN/plugins/RaopBridge/settings/basic.html line 167.
[20-12-30 12:00:54.1814] Slim::Utils::Misc::msg (1266) Warning: [12:00:54.1810] Use of uninitialized value in concatenation (.) or string at /config/cache/InstalledPlugins/Plugins/RaopBridge/HTML/EN/plugins/RaopBridge/settings/basic.html line 173.
[20-12-30 12:00:54.1854] Slim::Utils::Misc::msg (1266) Warning: [12:00:54.1850] Use of uninitialized value in concatenation (.) or string at /config/cache/InstalledPlugins/Plugins/RaopBridge/HTML/EN/plugins/RaopBridge/settings/basic.html line 182.
[20-12-30 12:00:54.2103] Slim::Utils::Misc::msg (1266) Warning: [12:00:54.2101] Use of uninitialized value in concatenation (.) or string at /config/cache/InstalledPlugins/Plugins/RaopBridge/HTML/EN/plugins/RaopBridge/settings/basic.html line 108.
[20-12-30 12:00:54.2119] Slim::Utils::Misc::msg (1266) Warning: [12:00:54.2117] Use of uninitialized value in concatenation (.) or string at /config/cache/InstalledPlugins/Plugins/RaopBridge/HTML/EN/plugins/RaopBridge/settings/basic.html line 116.
[20-12-30 12:00:54.2132] Slim::Utils::Misc::msg (1266) Warning: [12:00:54.2129] Use of uninitialized value in concatenation (.) or string at /config/cache/InstalledPlugins/Plugins/RaopBridge/HTML/EN/plugins/RaopBridge/settings/basic.html line 122.
[20-12-30 12:00:54.2145] Slim::Utils::Misc::msg (1266) Warning: [12:00:54.2142] Use of uninitialized value in concatenation (.) or string at /config/cache/InstalledPlugins/Plugins/RaopBridge/HTML/EN/plugins/RaopBridge/settings/basic.html line 128.
[20-12-30 12:00:54.2168] Slim::Utils::Misc::msg (1266) Warning: [12:00:54.2164] Use of uninitialized value in concatenation (.) or string at /config/cache/InstalledPlugins/Plugins/RaopBridge/HTML/EN/plugins/RaopBridge/settings/basic.html line 137.
[20-12-30 12:00:54.2191] Slim::Utils::Misc::msg (1266) Warning: [12:00:54.2187] Use of uninitialized value in concatenation (.) or string at /config/cache/InstalledPlugins/Plugins/RaopBridge/HTML/EN/plugins/RaopBridge/settings/basic.html line 150.
[20-12-30 12:00:54.2209] Slim::Utils::Misc::msg (1266) Warning: [12:00:54.2205] Use of uninitialized value in concatenation (.) or string at /config/cache/InstalledPlugins/Plugins/RaopBridge/HTML/EN/plugins/RaopBridge/settings/basic.html line 156.
[20-12-30 12:00:54.2231] Slim::Utils::Misc::msg (1266) Warning: [12:00:54.2229] Use of uninitialized value in concatenation (.) or string at /config/cache/InstalledPlugins/Plugins/RaopBridge/HTML/EN/plugins/RaopBridge/settings/basic.html line 167.
[20-12-30 12:00:54.2246] Slim::Utils::Misc::msg (1266) Warning: [12:00:54.2244] Use of uninitialized value in concatenation (.) or string at /config/cache/InstalledPlugins/Plugins/RaopBridge/HTML/EN/plugins/RaopBridge/settings/basic.html line 173.
[20-12-30 12:00:54.2268] Slim::Utils::Misc::msg (1266) Warning: [12:00:54.2265] Use of uninitialized value in concatenation (.) or string at /config/cache/InstalledPlugins/Plugins/RaopBridge/HTML/EN/plugins/RaopBridge/settings/basic.html line 182.
[20-12-30 12:01:03.1572] Plugins::RaopBridge::Squeeze2raop::beat (182) crashed ... restarting
[20-12-30 12:01:15.3250] Slim::Utils::Misc::msg (1266) Warning: [12:01:15.3246] Use of uninitialized value in concatenation (.) or string at /config/cache/InstalledPlugins/Plugins/RaopBridge/HTML/EN/plugins/RaopBridge/settings/basic.html line 108.
[20-12-30 12:01:15.3272] Slim::Utils::Misc::msg (1266) Warning: [12:01:15.3268] Use of uninitialized value in concatenation (.) or string at /config/cache/InstalledPlugins/Plugins/RaopBridge/HTML/EN/plugins/RaopBridge/settings/basic.html line 116.
[20-12-30 12:01:15.3290] Slim::Utils::Misc::msg (1266) Warning: [12:01:15.3286] Use of uninitialized value in concatenation (.) or string at /config/cache/InstalledPlugins/Plugins/RaopBridge/HTML/EN/plugins/RaopBridge/settings/basic.html line 122.
[20-12-30 12:01:15.3304] Slim::Utils::Misc::msg (1266) Warning: [12:01:15.3301] Use of uninitialized value in concatenation (.) or string at /config/cache/InstalledPlugins/Plugins/RaopBridge/HTML/EN/plugins/RaopBridge/settings/basic.html line 128.
[20-12-30 12:01:15.3326] Slim::Utils::Misc::msg (1266) Warning: [12:01:15.3323] Use of uninitialized value in concatenation (.) or string at /config/cache/InstalledPlugins/Plugins/RaopBridge/HTML/EN/plugins/RaopBridge/settings/basic.html line 137.
[20-12-30 12:01:15.3359] Slim::Utils::Misc::msg (1266) Warning: [12:01:15.3355] Use of uninitialized value in concatenation (.) or string at /config/cache/InstalledPlugins/Plugins/RaopBridge/HTML/EN/plugins/RaopBridge/settings/basic.html line 150.
[20-12-30 12:01:15.3377] Slim::Utils::Misc::msg (1266) Warning: [12:01:15.3374] Use of uninitialized value in concatenation (.) or string at /config/cache/InstalledPlugins/Plugins/RaopBridge/HTML/EN/plugins/RaopBridge/settings/basic.html line 156.
[20-12-30 12:01:15.3402] Slim::Utils::Misc::msg (1266) Warning: [12:01:15.3398] Use of uninitialized value in concatenation (.) or string at /config/cache/InstalledPlugins/Plugins/RaopBridge/HTML/EN/plugins/RaopBridge/settings/basic.html line 167.
[20-12-30 12:01:15.3414] Slim::Utils::Misc::msg (1266) Warning: [12:01:15.3412] Use of uninitialized value in concatenation (.) or string at /config/cache/InstalledPlugins/Plugins/RaopBridge/HTML/EN/plugins/RaopBridge/settings/basic.html line 173.
[20-12-30 12:01:15.3447] Slim::Utils::Misc::msg (1266) Warning: [12:01:15.3442] Use of uninitialized value in concatenation (.) or string at /config/cache/InstalledPlugins/Plugins/RaopBridge/HTML/EN/plugins/RaopBridge/settings/basic.html line 182.
[20-12-30 12:01:39.6740] Slim::Utils::Misc::msg (1266) Warning: [12:01:39.6735] Use of uninitialized value in concatenation (.) or string at /config/cache/InstalledPlugins/Plugins/RaopBridge/HTML/EN/plugins/RaopBridge/settings/basic.html line 108.
[20-12-30 12:01:39.6765] Slim::Utils::Misc::msg (1266) Warning: [12:01:39.6761] Use of uninitialized value in concatenation (.) or string at /config/cache/InstalledPlugins/Plugins/RaopBridge/HTML/EN/plugins/RaopBridge/settings/basic.html line 116.
[20-12-30 12:01:39.6781] Slim::Utils::Misc::msg (1266) Warning: [12:01:39.6778] Use of uninitialized value in concatenation (.) or string at /config/cache/InstalledPlugins/Plugins/RaopBridge/HTML/EN/plugins/RaopBridge/settings/basic.html line 122.
[20-12-30 12:01:39.6795] Slim::Utils::Misc::msg (1266) Warning: [12:01:39.6792] Use of uninitialized value in concatenation (.) or string at /config/cache/InstalledPlugins/Plugins/RaopBridge/HTML/EN/plugins/RaopBridge/settings/basic.html line 128.
[20-12-30 12:01:39.6826] Slim::Utils::Misc::msg (1266) Warning: [12:01:39.6822] Use of uninitialized value in concatenation (.) or string at /config/cache/InstalledPlugins/Plugins/RaopBridge/HTML/EN/plugins/RaopBridge/settings/basic.html line 137.
[20-12-30 12:01:39.6863] Slim::Utils::Misc::msg (1266) Warning: [12:01:39.6856] Use of uninitialized value in concatenation (.) or string at /config/cache/InstalledPlugins/Plugins/RaopBridge/HTML/EN/plugins/RaopBridge/settings/basic.html line 150.
[20-12-30 12:01:39.6883] Slim::Utils::Misc::msg (1266) Warning: [12:01:39.6879] Use of uninitialized value in concatenation (.) or string at /config/cache/InstalledPlugins/Plugins/RaopBridge/HTML/EN/plugins/RaopBridge/settings/basic.html line 156.
[20-12-30 12:01:39.6910] Slim::Utils::Misc::msg (1266) Warning: [12:01:39.6906] Use of uninitialized value in concatenation (.) or string at /config/cache/InstalledPlugins/Plugins/RaopBridge/HTML/EN/plugins/RaopBridge/settings/basic.html line 167.
[20-12-30 12:01:39.6924] Slim::Utils::Misc::msg (1266) Warning: [12:01:39.6922] Use of uninitialized value in concatenation (.) or string at /config/cache/InstalledPlugins/Plugins/RaopBridge/HTML/EN/plugins/RaopBridge/settings/basic.html line 173.
[20-12-30 12:01:39.6948] Slim::Utils::Misc::msg (1266) Warning: [12:01:39.6945] Use of uninitialized value in concatenation (.) or string at /config/cache/InstalledPlugins/Plugins/RaopBridge/HTML/EN/plugins/RaopBridge/settings/basic.html line 182.
[20-12-30 12:01:39.7181] Slim::Utils::Misc::msg (1266) Warning: [12:01:39.7178] Use of uninitialized value in concatenation (.) or string at /config/cache/InstalledPlugins/Plugins/RaopBridge/HTML/EN/plugins/RaopBridge/settings/basic.html line 108.
[20-12-30 12:01:39.7203] Slim::Utils::Misc::msg (1266) Warning: [12:01:39.7199] Use of uninitialized value in concatenation (.) or string at /config/cache/InstalledPlugins/Plugins/RaopBridge/HTML/EN/plugins/RaopBridge/settings/basic.html line 116.
[20-12-30 12:01:39.7218] Slim::Utils::Misc::msg (1266) Warning: [12:01:39.7215] Use of uninitialized value in concatenation (.) or string at /config/cache/InstalledPlugins/Plugins/RaopBridge/HTML/EN/plugins/RaopBridge/settings/basic.html line 122.
[20-12-30 12:01:39.7243] Slim::Utils::Misc::msg (1266) Warning: [12:01:39.7237] Use of uninitialized value in concatenation (.) or string at /config/cache/InstalledPlugins/Plugins/RaopBridge/HTML/EN/plugins/RaopBridge/settings/basic.html line 128.
[20-12-30 12:01:39.7268] Slim::Utils::Misc::msg (1266) Warning: [12:01:39.7265] Use of uninitialized value in concatenation (.) or string at /config/cache/InstalledPlugins/Plugins/RaopBridge/HTML/EN/plugins/RaopBridge/settings/basic.html line 137.
[20-12-30 12:01:39.7287] Slim::Utils::Misc::msg (1266) Warning: [12:01:39.7285] Use of uninitialized value in concatenation (.) or string at /config/cache/InstalledPlugins/Plugins/RaopBridge/HTML/EN/plugins/RaopBridge/settings/basic.html line 150.
[20-12-30 12:01:39.7301] Slim::Utils::Misc::msg (1266) Warning: [12:01:39.7298] Use of uninitialized value in concatenation (.) or string at /config/cache/InstalledPlugins/Plugins/RaopBridge/HTML/EN/plugins/RaopBridge/settings/basic.html line 156.
[20-12-30 12:01:39.7334] Slim::Utils::Misc::msg (1266) Warning: [12:01:39.7331] Use of uninitialized value in concatenation (.) or string at /config/cache/InstalledPlugins/Plugins/RaopBridge/HTML/EN/plugins/RaopBridge/settings/basic.html line 167.
[20-12-30 12:01:39.7348] Slim::Utils::Misc::msg (1266) Warning: [12:01:39.7345] Use of uninitialized value in concatenation (.) or string at /config/cache/InstalledPlugins/Plugins/RaopBridge/HTML/EN/plugins/RaopBridge/settings/basic.html line 173.
[20-12-30 12:01:39.7371] Slim::Utils::Misc::msg (1266) Warning: [12:01:39.7367] Use of uninitialized value in concatenation (.) or string at /config/cache/InstalledPlugins/Plugins/RaopBridge/HTML/EN/plugins/RaopBridge/settings/basic.html line 182.
[20-12-30 12:01:54.6887] Slim::Utils::Misc::msg (1266) Warning: [12:01:54.6884] Use of uninitialized value in concatenation (.) or string at /config/cache/InstalledPlugins/Plugins/RaopBridge/HTML/EN/plugins/RaopBridge/settings/basic.html line 108.
[20-12-30 12:01:54.6911] Slim::Utils::Misc::msg (1266) Warning: [12:01:54.6908] Use of uninitialized value in concatenation (.) or string at /config/cache/InstalledPlugins/Plugins/RaopBridge/HTML/EN/plugins/RaopBridge/settings/basic.html line 116.
[20-12-30 12:01:54.6923] Slim::Utils::Misc::msg (1266) Warning: [12:01:54.6921] Use of uninitialized value in concatenation (.) or string at /config/cache/InstalledPlugins/Plugins/RaopBridge/HTML/EN/plugins/RaopBridge/settings/basic.html line 122.
[20-12-30 12:01:54.6934] Slim::Utils::Misc::msg (1266) Warning: [12:01:54.6932] Use of uninitialized value in concatenation (.) or string at /config/cache/InstalledPlugins/Plugins/RaopBridge/HTML/EN/plugins/RaopBridge/settings/basic.html line 128.
[20-12-30 12:01:54.6954] Slim::Utils::Misc::msg (1266) Warning: [12:01:54.6951] Use of uninitialized value in concatenation (.) or string at /config/cache/InstalledPlugins/Plugins/RaopBridge/HTML/EN/plugins/RaopBridge/settings/basic.html line 137.
[20-12-30 12:01:54.6977] Slim::Utils::Misc::msg (1266) Warning: [12:01:54.6974] Use of uninitialized value in concatenation (.) or string at /config/cache/InstalledPlugins/Plugins/RaopBridge/HTML/EN/plugins/RaopBridge/settings/basic.html line 150.
[20-12-30 12:01:54.6990] Slim::Utils::Misc::msg (1266) Warning: [12:01:54.6987] Use of uninitialized value in concatenation (.) or string at /config/cache/InstalledPlugins/Plugins/RaopBridge/HTML/EN/plugins/RaopBridge/settings/basic.html line 156.
[20-12-30 12:01:54.7007] Slim::Utils::Misc::msg (1266) Warning: [12:01:54.7005] Use of uninitialized value in concatenation (.) or string at /config/cache/InstalledPlugins/Plugins/RaopBridge/HTML/EN/plugins/RaopBridge/settings/basic.html line 167.
[20-12-30 12:01:54.7020] Slim::Utils::Misc::msg (1266) Warning: [12:01:54.7018] Use of uninitialized value in concatenation (.) or string at /config/cache/InstalledPlugins/Plugins/RaopBridge/HTML/EN/plugins/RaopBridge/settings/basic.html line 173.
[20-12-30 12:01:54.7043] Slim::Utils::Misc::msg (1266) Warning: [12:01:54.7040] Use of uninitialized value in concatenation (.) or string at /config/cache/InstalledPlugins/Plugins/RaopBridge/HTML/EN/plugins/RaopBridge/settings/basic.html line 182.
[20-12-30 12:02:02.5134] Slim::Utils::Misc::msg (1266) Warning: [12:02:02.5131] Use of uninitialized value in concatenation (.) or string at /config/cache/InstalledPlugins/Plugins/RaopBridge/HTML/EN/plugins/RaopBridge/settings/basic.html line 108.
[20-12-30 12:02:02.5149] Slim::Utils::Misc::msg (1266) Warning: [12:02:02.5146] Use of uninitialized value in concatenation (.) or string at /config/cache/InstalledPlugins/Plugins/RaopBridge/HTML/EN/plugins/RaopBridge/settings/basic.html line 116.
[20-12-30 12:02:02.5160] Slim::Utils::Misc::msg (1266) Warning: [12:02:02.5158] Use of uninitialized value in concatenation (.) or string at /config/cache/InstalledPlugins/Plugins/RaopBridge/HTML/EN/plugins/RaopBridge/settings/basic.html line 122.
[20-12-30 12:02:02.5172] Slim::Utils::Misc::msg (1266) Warning: [12:02:02.5169] Use of uninitialized value in concatenation (.) or string at /config/cache/InstalledPlugins/Plugins/RaopBridge/HTML/EN/plugins/RaopBridge/settings/basic.html line 128.
[20-12-30 12:02:02.5206] Slim::Utils::Misc::msg (1266) Warning: [12:02:02.5201] Use of uninitialized value in concatenation (.) or string at /config/cache/InstalledPlugins/Plugins/RaopBridge/HTML/EN/plugins/RaopBridge/settings/basic.html line 137.
[20-12-30 12:02:02.5239] Slim::Utils::Misc::msg (1266) Warning: [12:02:02.5236] Use of uninitialized value in concatenation (.) or string at /config/cache/InstalledPlugins/Plugins/RaopBridge/HTML/EN/plugins/RaopBridge/settings/basic.html line 150.
[20-12-30 12:02:02.5256] Slim::Utils::Misc::msg (1266) Warning: [12:02:02.5253] Use of uninitialized value in concatenation (.) or string at /config/cache/InstalledPlugins/Plugins/RaopBridge/HTML/EN/plugins/RaopBridge/settings/basic.html line 156.
[20-12-30 12:02:02.5281] Slim::Utils::Misc::msg (1266) Warning: [12:02:02.5276] Use of uninitialized value in concatenation (.) or string at /config/cache/InstalledPlugins/Plugins/RaopBridge/HTML/EN/plugins/RaopBridge/settings/basic.html line 167.
[20-12-30 12:02:02.5298] Slim::Utils::Misc::msg (1266) Warning: [12:02:02.5294] Use of uninitialized value in concatenation (.) or string at /config/cache/InstalledPlugins/Plugins/RaopBridge/HTML/EN/plugins/RaopBridge/settings/basic.html line 173.
[20-12-30 12:02:02.5322] Slim::Utils::Misc::msg (1266) Warning: [12:02:02.5319] Use of uninitialized value in concatenation (.) or string at /config/cache/InstalledPlugins/Plugins/RaopBridge/HTML/EN/plugins/RaopBridge/settings/basic.html line 182.
[20-12-30 12:02:02.5569] Slim::Utils::Misc::msg (1266) Warning: [12:02:02.5567] Use of uninitialized value in concatenation (.) or string at /config/cache/InstalledPlugins/Plugins/RaopBridge/HTML/EN/plugins/RaopBridge/settings/basic.html line 108.
[20-12-30 12:02:02.5584] Slim::Utils::Misc::msg (1266) Warning: [12:02:02.5582] Use of uninitialized value in concatenation (.) or string at /config/cache/InstalledPlugins/Plugins/RaopBridge/HTML/EN/plugins/RaopBridge/settings/basic.html line 116.
[20-12-30 12:02:02.5596] Slim::Utils::Misc::msg (1266) Warning: [12:02:02.5593] Use of uninitialized value in concatenation (.) or string at /config/cache/InstalledPlugins/Plugins/RaopBridge/HTML/EN/plugins/RaopBridge/settings/basic.html line 122.
[20-12-30 12:02:02.5607] Slim::Utils::Misc::msg (1266) Warning: [12:02:02.5605] Use of uninitialized value in concatenation (.) or string at /config/cache/InstalledPlugins/Plugins/RaopBridge/HTML/EN/plugins/RaopBridge/settings/basic.html line 128.
[20-12-30 12:02:02.5630] Slim::Utils::Misc::msg (1266) Warning: [12:02:02.5627] Use of uninitialized value in concatenation (.) or string at /config/cache/InstalledPlugins/Plugins/RaopBridge/HTML/EN/plugins/RaopBridge/settings/basic.html line 137.
[20-12-30 12:02:02.5651] Slim::Utils::Misc::msg (1266) Warning: [12:02:02.5649] Use of uninitialized value in concatenation (.) or string at /config/cache/InstalledPlugins/Plugins/RaopBridge/HTML/EN/plugins/RaopBridge/settings/basic.html line 150.
[20-12-30 12:02:02.5663] Slim::Utils::Misc::msg (1266) Warning: [12:02:02.5661] Use of uninitialized value in concatenation (.) or string at /config/cache/InstalledPlugins/Plugins/RaopBridge/HTML/EN/plugins/RaopBridge/settings/basic.html line 156.
[20-12-30 12:02:02.5684] Slim::Utils::Misc::msg (1266) Warning: [12:02:02.5681] Use of uninitialized value in concatenation (.) or string at /config/cache/InstalledPlugins/Plugins/RaopBridge/HTML/EN/plugins/RaopBridge/settings/basic.html line 167.
[20-12-30 12:02:02.5697] Slim::Utils::Misc::msg (1266) Warning: [12:02:02.5693] Use of uninitialized value in concatenation (.) or string at /config/cache/InstalledPlugins/Plugins/RaopBridge/HTML/EN/plugins/RaopBridge/settings/basic.html line 173.
[20-12-30 12:02:02.5716] Slim::Utils::Misc::msg (1266) Warning: [12:02:02.5713] Use of uninitialized value in concatenation (.) or string at /config/cache/InstalledPlugins/Plugins/RaopBridge/HTML/EN/plugins/RaopBridge/settings/basic.html line 182.
[20-12-30 12:02:15.5407] Slim::Utils::Misc::msg (1266) Warning: [12:02:15.5405] Use of uninitialized value in concatenation (.) or string at /config/cache/InstalledPlugins/Plugins/RaopBridge/HTML/EN/plugins/RaopBridge/settings/basic.html line 108.
[20-12-30 12:02:15.5422] Slim::Utils::Misc::msg (1266) Warning: [12:02:15.5420] Use of uninitialized value in concatenation (.) or string at /config/cache/InstalledPlugins/Plugins/RaopBridge/HTML/EN/plugins/RaopBridge/settings/basic.html line 116.
[20-12-30 12:02:15.5437] Slim::Utils::Misc::msg (1266) Warning: [12:02:15.5434] Use of uninitialized value in concatenation (.) or string at /config/cache/InstalledPlugins/Plugins/RaopBridge/HTML/EN/plugins/RaopBridge/settings/basic.html line 122.
[20-12-30 12:02:15.5475] Slim::Utils::Misc::msg (1266) Warning: [12:02:15.5472] Use of uninitialized value in concatenation (.) or string at /config/cache/InstalledPlugins/Plugins/RaopBridge/HTML/EN/plugins/RaopBridge/settings/basic.html line 128.
[20-12-30 12:02:15.5525] Slim::Utils::Misc::msg (1266) Warning: [12:02:15.5522] Use of uninitialized value in concatenation (.) or string at /config/cache/InstalledPlugins/Plugins/RaopBridge/HTML/EN/plugins/RaopBridge/settings/basic.html line 137.
[20-12-30 12:02:15.5572] Slim::Utils::Misc::msg (1266) Warning: [12:02:15.5567] Use of uninitialized value in concatenation (.) or string at /config/cache/InstalledPlugins/Plugins/RaopBridge/HTML/EN/plugins/RaopBridge/settings/basic.html line 150.
[20-12-30 12:02:15.5592] Slim::Utils::Misc::msg (1266) Warning: [12:02:15.5587] Use of uninitialized value in concatenation (.) or string at /config/cache/InstalledPlugins/Plugins/RaopBridge/HTML/EN/plugins/RaopBridge/settings/basic.html line 156.
[20-12-30 12:02:15.5638] Slim::Utils::Misc::msg (1266) Warning: [12:02:15.5634] Use of uninitialized value in concatenation (.) or string at /config/cache/InstalledPlugins/Plugins/RaopBridge/HTML/EN/plugins/RaopBridge/settings/basic.html line 167.
[20-12-30 12:02:15.5673] Slim::Utils::Misc::msg (1266) Warning: [12:02:15.5670] Use of uninitialized value in concatenation (.) or string at /config/cache/InstalledPlugins/Plugins/RaopBridge/HTML/EN/plugins/RaopBridge/settings/basic.html line 173.
[20-12-30 12:02:15.5715] Slim::Utils::Misc::msg (1266) Warning: [12:02:15.5705] Use of uninitialized value in concatenation (.) or string at /config/cache/InstalledPlugins/Plugins/RaopBridge/HTML/EN/plugins/RaopBridge/settings/basic.html line 182.
[20-12-30 12:02:56.5522] Slim::Utils::Misc::msg (1266) Warning: [12:02:56.5503] Use of uninitialized value in concatenation (.) or string at /config/cache/InstalledPlugins/Plugins/RaopBridge/HTML/EN/plugins/RaopBridge/settings/basic.html line 108.
[20-12-30 12:02:56.5599] Slim::Utils::Misc::msg (1266) Warning: [12:02:56.5595] Use of uninitialized value in concatenation (.) or string at /config/cache/InstalledPlugins/Plugins/RaopBridge/HTML/EN/plugins/RaopBridge/settings/basic.html line 116.
[20-12-30 12:02:56.5616] Slim::Utils::Misc::msg (1266) Warning: [12:02:56.5613] Use of uninitialized value in concatenation (.) or string at /config/cache/InstalledPlugins/Plugins/RaopBridge/HTML/EN/plugins/RaopBridge/settings/basic.html line 122.
[20-12-30 12:02:56.5646] Slim::Utils::Misc::msg (1266) Warning: [12:02:56.5641] Use of uninitialized value in concatenation (.) or string at /config/cache/InstalledPlugins/Plugins/RaopBridge/HTML/EN/plugins/RaopBridge/settings/basic.html line 128.
[20-12-30 12:02:56.5684] Slim::Utils::Misc::msg (1266) Warning: [12:02:56.5680] Use of uninitialized value in concatenation (.) or string at /config/cache/InstalledPlugins/Plugins/RaopBridge/HTML/EN/plugins/RaopBridge/settings/basic.html line 137.
[20-12-30 12:02:56.5714] Slim::Utils::Misc::msg (1266) Warning: [12:02:56.5710] Use of uninitialized value in concatenation (.) or string at /config/cache/InstalledPlugins/Plugins/RaopBridge/HTML/EN/plugins/RaopBridge/settings/basic.html line 150.
[20-12-30 12:02:56.5749] Slim::Utils::Misc::msg (1266) Warning: [12:02:56.5742] Use of uninitialized value in concatenation (.) or string at /config/cache/InstalledPlugins/Plugins/RaopBridge/HTML/EN/plugins/RaopBridge/settings/basic.html line 156.
[20-12-30 12:02:56.5790] Slim::Utils::Misc::msg (1266) Warning: [12:02:56.5785] Use of uninitialized value in concatenation (.) or string at /config/cache/InstalledPlugins/Plugins/RaopBridge/HTML/EN/plugins/RaopBridge/settings/basic.html line 167.
[20-12-30 12:02:56.5822] Slim::Utils::Misc::msg (1266) Warning: [12:02:56.5818] Use of uninitialized value in concatenation (.) or string at /config/cache/InstalledPlugins/Plugins/RaopBridge/HTML/EN/plugins/RaopBridge/settings/basic.html line 173.
[20-12-30 12:02:56.5895] Slim::Utils::Misc::msg (1266) Warning: [12:02:56.5882] Use of uninitialized value in concatenation (.) or string at /config/cache/InstalledPlugins/Plugins/RaopBridge/HTML/EN/plugins/RaopBridge/settings/basic.html line 182.
[20-12-30 12:03:02.4738] Plugins::RaopBridge::Squeeze2raop::beat (182) crashed ... restarting
[20-12-30 12:03:32.3793] Slim::Utils::Misc::msg (1266) Warning: [12:03:32.3789] Use of uninitialized value in concatenation (.) or string at /config/cache/InstalledPlugins/Plugins/RaopBridge/HTML/EN/plugins/RaopBridge/settings/basic.html line 108.
[20-12-30 12:03:32.3811] Slim::Utils::Misc::msg (1266) Warning: [12:03:32.3808] Use of uninitialized value in concatenation (.) or string at /config/cache/InstalledPlugins/Plugins/RaopBridge/HTML/EN/plugins/RaopBridge/settings/basic.html line 116.
[20-12-30 12:03:32.3824] Slim::Utils::Misc::msg (1266) Warning: [12:03:32.3822] Use of uninitialized value in concatenation (.) or string at /config/cache/InstalledPlugins/Plugins/RaopBridge/HTML/EN/plugins/RaopBridge/settings/basic.html line 122.
[20-12-30 12:03:32.3838] Slim::Utils::Misc::msg (1266) Warning: [12:03:32.3836] Use of uninitialized value in concatenation (.) or string at /config/cache/InstalledPlugins/Plugins/RaopBridge/HTML/EN/plugins/RaopBridge/settings/basic.html line 128.
[20-12-30 12:03:32.3864] Slim::Utils::Misc::msg (1266) Warning: [12:03:32.3860] Use of uninitialized value in concatenation (.) or string at /config/cache/InstalledPlugins/Plugins/RaopBridge/HTML/EN/plugins/RaopBridge/settings/basic.html line 137.
[20-12-30 12:03:32.3887] Slim::Utils::Misc::msg (1266) Warning: [12:03:32.3884] Use of uninitialized value in concatenation (.) or string at /config/cache/InstalledPlugins/Plugins/RaopBridge/HTML/EN/plugins/RaopBridge/settings/basic.html line 150.
[20-12-30 12:03:32.3901] Slim::Utils::Misc::msg (1266) Warning: [12:03:32.3898] Use of uninitialized value in concatenation (.) or string at /config/cache/InstalledPlugins/Plugins/RaopBridge/HTML/EN/plugins/RaopBridge/settings/basic.html line 156.
[20-12-30 12:03:32.3922] Slim::Utils::Misc::msg (1266) Warning: [12:03:32.3919] Use of uninitialized value in concatenation (.) or string at /config/cache/InstalledPlugins/Plugins/RaopBridge/HTML/EN/plugins/RaopBridge/settings/basic.html line 167.
[20-12-30 12:03:32.3937] Slim::Utils::Misc::msg (1266) Warning: [12:03:32.3934] Use of uninitialized value in concatenation (.) or string at /config/cache/InstalledPlugins/Plugins/RaopBridge/HTML/EN/plugins/RaopBridge/settings/basic.html line 173.
[20-12-30 12:03:32.3960] Slim::Utils::Misc::msg (1266) Warning: [12:03:32.3957] Use of uninitialized value in concatenation (.) or string at /config/cache/InstalledPlugins/Plugins/RaopBridge/HTML/EN/plugins/RaopBridge/settings/basic.html line 182.
[20-12-30 12:03:42.6737] Slim::Utils::Misc::msg (1266) Warning: [12:03:42.6734] Use of uninitialized value in concatenation (.) or string at /config/cache/InstalledPlugins/Plugins/RaopBridge/HTML/EN/plugins/RaopBridge/settings/basic.html line 108.
[20-12-30 12:03:42.6761] Slim::Utils::Misc::msg (1266) Warning: [12:03:42.6756] Use of uninitialized value in concatenation (.) or string at /config/cache/InstalledPlugins/Plugins/RaopBridge/HTML/EN/plugins/RaopBridge/settings/basic.html line 116.
[20-12-30 12:03:42.6780] Slim::Utils::Misc::msg (1266) Warning: [12:03:42.6776] Use of uninitialized value in concatenation (.) or string at /config/cache/InstalledPlugins/Plugins/RaopBridge/HTML/EN/plugins/RaopBridge/settings/basic.html line 122.
[20-12-30 12:03:42.6796] Slim::Utils::Misc::msg (1266) Warning: [12:03:42.6793] Use of uninitialized value in concatenation (.) or string at /config/cache/InstalledPlugins/Plugins/RaopBridge/HTML/EN/plugins/RaopBridge/settings/basic.html line 128.
[20-12-30 12:03:42.6821] Slim::Utils::Misc::msg (1266) Warning: [12:03:42.6818] Use of uninitialized value in concatenation (.) or string at /config/cache/InstalledPlugins/Plugins/RaopBridge/HTML/EN/plugins/RaopBridge/settings/basic.html line 137.
[20-12-30 12:03:42.6859] Slim::Utils::Misc::msg (1266) Warning: [12:03:42.6855] Use of uninitialized value in concatenation (.) or string at /config/cache/InstalledPlugins/Plugins/RaopBridge/HTML/EN/plugins/RaopBridge/settings/basic.html line 150.
[20-12-30 12:03:42.6874] Slim::Utils::Misc::msg (1266) Warning: [12:03:42.6872] Use of uninitialized value in concatenation (.) or string at /config/cache/InstalledPlugins/Plugins/RaopBridge/HTML/EN/plugins/RaopBridge/settings/basic.html line 156.
[20-12-30 12:03:42.6895] Slim::Utils::Misc::msg (1266) Warning: [12:03:42.6892] Use of uninitialized value in concatenation (.) or string at /config/cache/InstalledPlugins/Plugins/RaopBridge/HTML/EN/plugins/RaopBridge/settings/basic.html line 167.
[20-12-30 12:03:42.6908] Slim::Utils::Misc::msg (1266) Warning: [12:03:42.6905] Use of uninitialized value in concatenation (.) or string at /config/cache/InstalledPlugins/Plugins/RaopBridge/HTML/EN/plugins/RaopBridge/settings/basic.html line 173.
[20-12-30 12:03:42.6935] Slim::Utils::Misc::msg (1266) Warning: [12:03:42.6931] Use of uninitialized value in concatenation (.) or string at /config/cache/InstalledPlugins/Plugins/RaopBridge/HTML/EN/plugins/RaopBridge/settings/basic.html line 182.
[20-12-30 12:03:42.7208] Slim::Utils::Misc::msg (1266) Warning: [12:03:42.7206] Use of uninitialized value in concatenation (.) or string at /config/cache/InstalledPlugins/Plugins/RaopBridge/HTML/EN/plugins/RaopBridge/settings/basic.html line 108.
[20-12-30 12:03:42.7224] Slim::Utils::Misc::msg (1266) Warning: [12:03:42.7222] Use of uninitialized value in concatenation (.) or string at /config/cache/InstalledPlugins/Plugins/RaopBridge/HTML/EN/plugins/RaopBridge/settings/basic.html line 116.
[20-12-30 12:03:42.7238] Slim::Utils::Misc::msg (1266) Warning: [12:03:42.7235] Use of uninitialized value in concatenation (.) or string at /config/cache/InstalledPlugins/Plugins/RaopBridge/HTML/EN/plugins/RaopBridge/settings/basic.html line 122.
[20-12-30 12:03:42.7253] Slim::Utils::Misc::msg (1266) Warning: [12:03:42.7250] Use of uninitialized value in concatenation (.) or string at /config/cache/InstalledPlugins/Plugins/RaopBridge/HTML/EN/plugins/RaopBridge/settings/basic.html line 128.
[20-12-30 12:03:42.7293] Slim::Utils::Misc::msg (1266) Warning: [12:03:42.7290] Use of uninitialized value in concatenation (.) or string at /config/cache/InstalledPlugins/Plugins/RaopBridge/HTML/EN/plugins/RaopBridge/settings/basic.html line 137.
[20-12-30 12:03:42.7319] Slim::Utils::Misc::msg (1266) Warning: [12:03:42.7316] Use of uninitialized value in concatenation (.) or string at /config/cache/InstalledPlugins/Plugins/RaopBridge/HTML/EN/plugins/RaopBridge/settings/basic.html line 150.
[20-12-30 12:03:42.7340] Slim::Utils::Misc::msg (1266) Warning: [12:03:42.7336] Use of uninitialized value in concatenation (.) or string at /config/cache/InstalledPlugins/Plugins/RaopBridge/HTML/EN/plugins/RaopBridge/settings/basic.html line 156.
[20-12-30 12:03:42.7367] Slim::Utils::Misc::msg (1266) Warning: [12:03:42.7364] Use of uninitialized value in concatenation (.) or string at /config/cache/InstalledPlugins/Plugins/RaopBridge/HTML/EN/plugins/RaopBridge/settings/basic.html line 167.
[20-12-30 12:03:42.7381] Slim::Utils::Misc::msg (1266) Warning: [12:03:42.7377] Use of uninitialized value in concatenation (.) or string at /config/cache/InstalledPlugins/Plugins/RaopBridge/HTML/EN/plugins/RaopBridge/settings/basic.html line 173.
[20-12-30 12:03:42.7402] Slim::Utils::Misc::msg (1266) Warning: [12:03:42.7399] Use of uninitialized value in concatenation (.) or string at /config/cache/InstalledPlugins/Plugins/RaopBridge/HTML/EN/plugins/RaopBridge/settings/basic.html line 182.
[20-12-30 12:04:05.8755] Slim::Utils::Misc::msg (1266) Warning: [12:04:05.8750] Use of uninitialized value in concatenation (.) or string at /config/cache/InstalledPlugins/Plugins/RaopBridge/HTML/EN/plugins/RaopBridge/settings/basic.html line 108.
[20-12-30 12:04:05.8775] Slim::Utils::Misc::msg (1266) Warning: [12:04:05.8771] Use of uninitialized value in concatenation (.) or string at /config/cache/InstalledPlugins/Plugins/RaopBridge/HTML/EN/plugins/RaopBridge/settings/basic.html line 116.
[20-12-30 12:04:05.8821] Slim::Utils::Misc::msg (1266) Warning: [12:04:05.8803] Use of uninitialized value in concatenation (.) or string at /config/cache/InstalledPlugins/Plugins/RaopBridge/HTML/EN/plugins/RaopBridge/settings/basic.html line 122.
[20-12-30 12:04:05.8846] Slim::Utils::Misc::msg (1266) Warning: [12:04:05.8842] Use of uninitialized value in concatenation (.) or string at /config/cache/InstalledPlugins/Plugins/RaopBridge/HTML/EN/plugins/RaopBridge/settings/basic.html line 128.
[20-12-30 12:04:05.8871] Slim::Utils::Misc::msg (1266) Warning: [12:04:05.8868] Use of uninitialized value in concatenation (.) or string at /config/cache/InstalledPlugins/Plugins/RaopBridge/HTML/EN/plugins/RaopBridge/settings/basic.html line 137.
[20-12-30 12:04:05.8896] Slim::Utils::Misc::msg (1266) Warning: [12:04:05.8893] Use of uninitialized value in concatenation (.) or string at /config/cache/InstalledPlugins/Plugins/RaopBridge/HTML/EN/plugins/RaopBridge/settings/basic.html line 150.
[20-12-30 12:04:05.8932] Slim::Utils::Misc::msg (1266) Warning: [12:04:05.8914] Use of uninitialized value in concatenation (.) or string at /config/cache/InstalledPlugins/Plugins/RaopBridge/HTML/EN/plugins/RaopBridge/settings/basic.html line 156.
[20-12-30 12:04:05.8970] Slim::Utils::Misc::msg (1266) Warning: [12:04:05.8966] Use of uninitialized value in concatenation (.) or string at /config/cache/InstalledPlugins/Plugins/RaopBridge/HTML/EN/plugins/RaopBridge/settings/basic.html line 167.
[20-12-30 12:04:05.8988] Slim::Utils::Misc::msg (1266) Warning: [12:04:05.8984] Use of uninitialized value in concatenation (.) or string at /config/cache/InstalledPlugins/Plugins/RaopBridge/HTML/EN/plugins/RaopBridge/settings/basic.html line 173.
[20-12-30 12:04:05.9012] Slim::Utils::Misc::msg (1266) Warning: [12:04:05.9009] Use of uninitialized value in concatenation (.) or string at /config/cache/InstalledPlugins/Plugins/RaopBridge/HTML/EN/plugins/RaopBridge/settings/basic.html line 182.
[20-12-30 12:04:20.7411] Slim::Utils::Misc::msg (1266) Warning: [12:04:20.7409] Use of uninitialized value in concatenation (.) or string at /config/cache/InstalledPlugins/Plugins/RaopBridge/HTML/EN/plugins/RaopBridge/settings/basic.html line 108.
[20-12-30 12:04:20.7425] Slim::Utils::Misc::msg (1266) Warning: [12:04:20.7423] Use of uninitialized value in concatenation (.) or string at /config/cache/InstalledPlugins/Plugins/RaopBridge/HTML/EN/plugins/RaopBridge/settings/basic.html line 116.
[20-12-30 12:04:20.7437] Slim::Utils::Misc::msg (1266) Warning: [12:04:20.7435] Use of uninitialized value in concatenation (.) or string at /config/cache/InstalledPlugins/Plugins/RaopBridge/HTML/EN/plugins/RaopBridge/settings/basic.html line 122.
[20-12-30 12:04:20.7450] Slim::Utils::Misc::msg (1266) Warning: [12:04:20.7448] Use of uninitialized value in concatenation (.) or string at /config/cache/InstalledPlugins/Plugins/RaopBridge/HTML/EN/plugins/RaopBridge/settings/basic.html line 128.
[20-12-30 12:04:20.7485] Slim::Utils::Misc::msg (1266) Warning: [12:04:20.7480] Use of uninitialized value in concatenation (.) or string at /config/cache/InstalledPlugins/Plugins/RaopBridge/HTML/EN/plugins/RaopBridge/settings/basic.html line 137.
[20-12-30 12:04:20.7520] Slim::Utils::Misc::msg (1266) Warning: [12:04:20.7517] Use of uninitialized value in concatenation (.) or string at /config/cache/InstalledPlugins/Plugins/RaopBridge/HTML/EN/plugins/RaopBridge/settings/basic.html line 150.
[20-12-30 12:04:20.7533] Slim::Utils::Misc::msg (1266) Warning: [12:04:20.7531] Use of uninitialized value in concatenation (.) or string at /config/cache/InstalledPlugins/Plugins/RaopBridge/HTML/EN/plugins/RaopBridge/settings/basic.html line 156.
[20-12-30 12:04:20.7555] Slim::Utils::Misc::msg (1266) Warning: [12:04:20.7551] Use of uninitialized value in concatenation (.) or string at /config/cache/InstalledPlugins/Plugins/RaopBridge/HTML/EN/plugins/RaopBridge/settings/basic.html line 167.
[20-12-30 12:04:20.7581] Slim::Utils::Misc::msg (1266) Warning: [12:04:20.7578] Use of uninitialized value in concatenation (.) or string at /config/cache/InstalledPlugins/Plugins/RaopBridge/HTML/EN/plugins/RaopBridge/settings/basic.html line 173.
[20-12-30 12:04:20.7604] Slim::Utils::Misc::msg (1266) Warning: [12:04:20.7601] Use of uninitialized value in concatenation (.) or string at /config/cache/InstalledPlugins/Plugins/RaopBridge/HTML/EN/plugins/RaopBridge/settings/basic.html line 182.
